This is pdfTeX, Version 3.14159265-2.6-1.40.21 (TeX Live 2020) (preloaded format=pdflatex 2020.4.15)  3 JUN 2021 21:04
entering extended mode
 restricted \write18 enabled.
 %&-line parsing enabled.
**tez.tex
(./tez.tex
LaTeX2e <2020-02-02> patch level 5
L3 programming layer <2020-03-06> (./itutez.cls
Document Class: itutez 15/02/2011 BE
(/usr/local/texlive/2020/texmf-dist/tex/latex/base/report.cls
Document Class: report 2019/12/20 v1.4l Standard LaTeX document class
(/usr/local/texlive/2020/texmf-dist/tex/latex/base/size12.clo
File: size12.clo 2019/12/20 v1.4l Standard LaTeX file (size option)
)
\c@part=\count167
\c@chapter=\count168
\c@section=\count169
\c@subsection=\count170
\c@subsubsection=\count171
\c@paragraph=\count172
\c@subparagraph=\count173
\c@figure=\count174
\c@table=\count175
\abovecaptionskip=\skip47
\belowcaptionskip=\skip48
\bibindent=\dimen134
)
(/usr/local/texlive/2020/texmf-dist/tex/latex/base/ifthen.sty
Package: ifthen 2014/09/29 v1.1c Standard LaTeX ifthen package (DPC)
)
(/usr/local/texlive/2020/texmf-dist/tex/latex/base/fontenc.sty
Package: fontenc 2020/02/11 v2.0o Standard LaTeX package
)
(/usr/local/texlive/2020/texmf-dist/tex/latex/base/inputenc.sty
Package: inputenc 2018/08/11 v1.3c Input encoding file
\inpenc@prehook=\toks15
\inpenc@posthook=\toks16
)
(/usr/local/texlive/2020/texmf-dist/tex/latex/fancyhdr/fancyhdr.sty
Package: fancyhdr 2019/01/31 v3.10 Extensive control of page headers and footer
s
\f@nch@headwidth=\skip49
\f@nch@O@elh=\skip50
\f@nch@O@erh=\skip51
\f@nch@O@olh=\skip52
\f@nch@O@orh=\skip53
\f@nch@O@elf=\skip54
\f@nch@O@erf=\skip55
\f@nch@O@olf=\skip56
\f@nch@O@orf=\skip57
)
(/usr/local/texlive/2020/texmf-dist/tex/latex/caption/caption.sty
Package: caption 2020/01/03 v3.4h Customizing captions (AR)

(/usr/local/texlive/2020/texmf-dist/tex/latex/caption/caption3.sty
Package: caption3 2020/01/03 v1.8h caption3 kernel (AR)
Package caption3 Info: TeX engine: e-TeX on input line 61.

(/usr/local/texlive/2020/texmf-dist/tex/latex/graphics/keyval.sty
Package: keyval 2014/10/28 v1.15 key=value parser (DPC)
\KV@toks@=\toks17
)
\captionmargin=\dimen135
\captionmargin@=\dimen136
\captionwidth=\dimen137
\caption@tempdima=\dimen138
\caption@indent=\dimen139
\caption@parindent=\dimen140
\caption@hangindent=\dimen141
Package caption Info: Standard document class detected.
)
\c@caption@flags=\count176
\c@continuedfloat=\count177
)
(/usr/local/texlive/2020/texmf-dist/tex/latex/tools/calc.sty
Package: calc 2017/05/25 v4.3 Infix arithmetic (KKT,FJ)
\calc@Acount=\count178
\calc@Bcount=\count179
\calc@Adimen=\dimen142
\calc@Bdimen=\dimen143
\calc@Askip=\skip58
\calc@Bskip=\skip59
LaTeX Info: Redefining \setlength on input line 80.
LaTeX Info: Redefining \addtolength on input line 81.
\calc@Ccount=\count180
\calc@Cskip=\skip60
)
(/usr/local/texlive/2020/texmf-dist/tex/latex/appendix/appendix.sty
Package: appendix 2020/02/08 v1.2c extra appendix facilities
\c@@pps=\count181
\c@@ppsavesec=\count182
\c@@ppsaveapp=\count183
)
(/usr/local/texlive/2020/texmf-dist/tex/latex/textpos/textpos.sty
Package: textpos 2019/04/15 v1.9.1

Package: textpos 2019/04/15 1.9.1, absolute positioning of text on the page
(/usr/local/texlive/2020/texmf-dist/tex/latex/ms/everyshi.sty
Package: everyshi 2001/05/15 v3.00 EveryShipout Package (MS)
)
\TP@textbox=\box45
\TP@holdbox=\box46
\TPHorizModule=\dimen144
\TPVertModule=\dimen145
\TP@margin=\dimen146
\TP@absmargin=\dimen147

Grid set 16 x 16 = 37.34424pt x 52.81541pt
\TPboxrulesize=\dimen148
\TP@ox=\dimen149
\TP@oy=\dimen150
\TP@tbargs=\toks18
\TP@prevdepth=\dimen151
TextBlockOrigin set to 0pt x 0pt
) (/usr/local/texlive/2020/texmf-dist/tex/latex/graphics/lscape.sty
Package: lscape 2000/10/22 v3.01 Landscape Pages (DPC)

(/usr/local/texlive/2020/texmf-dist/tex/latex/graphics/graphics.sty
Package: graphics 2019/11/30 v1.4a Standard LaTeX Graphics (DPC,SPQR)

(/usr/local/texlive/2020/texmf-dist/tex/latex/graphics/trig.sty
Package: trig 2016/01/03 v1.10 sin cos tan (DPC)
)
(/usr/local/texlive/2020/texmf-dist/tex/latex/graphics-cfg/graphics.cfg
File: graphics.cfg 2016/06/04 v1.11 sample graphics configuration
)
Package graphics Info: Driver file: pdftex.def on input line 105.

(/usr/local/texlive/2020/texmf-dist/tex/latex/graphics-def/pdftex.def
File: pdftex.def 2018/01/08 v1.0l Graphics/color driver for pdftex
)))
(/usr/local/texlive/2020/texmf-dist/tex/latex/url/url.sty
\Urlmuskip=\muskip16
Package: url 2013/09/16  ver 3.4  Verb mode for urls, etc.
)
\ChapterUstenBosluk=\skip61
\UstenBosluk=\skip62
\LoFparskip=\skip63
\LoTparskip=\skip64
\ToCparskip=\skip65
\kaydirmaboyuTR=\skip66
\kaydirmaboyuENG=\skip67
\defbaselineskip=\skip68
) (./defs.tex
(/usr/local/texlive/2020/texmf-dist/tex/latex/tools/afterpage.sty
Package: afterpage 2014/10/28 v1.08 After-Page Package (DPC)
\AP@output=\toks19
\AP@partial=\box47
\AP@footins=\box48
)
(/usr/local/texlive/2020/texmf-dist/tex/latex/csquotes/csquotes.sty
Package: csquotes 2019-12-06 v5.2j context-sensitive quotations (JAW)

(/usr/local/texlive/2020/texmf-dist/tex/latex/etoolbox/etoolbox.sty
Package: etoolbox 2019/09/21 v2.5h e-TeX tools for LaTeX (JAW)
\etb@tempcnta=\count184
)
\csq@reset=\count185
\csq@gtype=\count186
\csq@glevel=\count187
\csq@qlevel=\count188
\csq@maxlvl=\count189
\csq@tshold=\count190
\csq@ltx@everypar=\toks20

(/usr/local/texlive/2020/texmf-dist/tex/latex/csquotes/csquotes.def
File: csquotes.def 2019-12-06 v5.2j csquotes generic definitions (JAW)
)
Package csquotes Info: Trying to load configuration file 'csquotes.cfg'...
Package csquotes Info: ... configuration file loaded successfully.

(/usr/local/texlive/2020/texmf-dist/tex/latex/csquotes/csquotes.cfg
File: csquotes.cfg 
))
(/usr/local/texlive/2020/texmf-dist/tex/latex/graphics/color.sty
Package: color 2019/11/23 v1.2a Standard LaTeX Color (DPC)

(/usr/local/texlive/2020/texmf-dist/tex/latex/graphics-cfg/color.cfg
File: color.cfg 2016/01/02 v1.6 sample color configuration
)
Package color Info: Driver file: pdftex.def on input line 147.
)
(/usr/local/texlive/2020/texmf-dist/tex/latex/xcolor/xcolor.sty
Package: xcolor 2016/05/11 v2.12 LaTeX color extensions (UK)

(/usr/local/texlive/2020/texmf-dist/tex/latex/graphics-cfg/color.cfg
File: color.cfg 2016/01/02 v1.6 sample color configuration
)
Package xcolor Info: Driver file: pdftex.def on input line 225.
LaTeX Info: Redefining \color on input line 709.
Package xcolor Info: Model `cmy' substituted by `cmy0' on input line 1348.
Package xcolor Info: Model `hsb' substituted by `rgb' on input line 1352.
Package xcolor Info: Model `RGB' extended on input line 1364.
Package xcolor Info: Model `HTML' substituted by `rgb' on input line 1366.
Package xcolor Info: Model `Hsb' substituted by `hsb' on input line 1367.
Package xcolor Info: Model `tHsb' substituted by `hsb' on input line 1368.
Package xcolor Info: Model `HSB' substituted by `hsb' on input line 1369.
Package xcolor Info: Model `Gray' substituted by `gray' on input line 1370.
Package xcolor Info: Model `wave' substituted by `hsb' on input line 1371.
)
(/usr/local/texlive/2020/texmf-dist/tex/latex/psnfss/times.sty
Package: times 2005/04/12 PSNFSS-v9.2a (SPQR) 
)
(/usr/local/texlive/2020/texmf-dist/tex/latex/amsfonts/amssymb.sty
Package: amssymb 2013/01/14 v3.01 AMS font symbols

(/usr/local/texlive/2020/texmf-dist/tex/latex/amsfonts/amsfonts.sty
Package: amsfonts 2013/01/14 v3.01 Basic AMSFonts support
\@emptytoks=\toks21
\symAMSa=\mathgroup4
\symAMSb=\mathgroup5
LaTeX Font Info:    Redeclaring math symbol \hbar on input line 98.
LaTeX Font Info:    Overwriting math alphabet `\mathfrak' in version `bold'
(Font)                  U/euf/m/n --> U/euf/b/n on input line 106.
))
(/usr/local/texlive/2020/texmf-dist/tex/latex/amsmath/amsmath.sty
Package: amsmath 2020/01/20 v2.17e AMS math features
\@mathmargin=\skip69

For additional information on amsmath, use the `?' option.
(/usr/local/texlive/2020/texmf-dist/tex/latex/amsmath/amstext.sty
Package: amstext 2000/06/29 v2.01 AMS text

(/usr/local/texlive/2020/texmf-dist/tex/latex/amsmath/amsgen.sty
File: amsgen.sty 1999/11/30 v2.0 generic functions
\@emptytoks=\toks22
\ex@=\dimen152
))
(/usr/local/texlive/2020/texmf-dist/tex/latex/amsmath/amsbsy.sty
Package: amsbsy 1999/11/29 v1.2d Bold Symbols
\pmbraise@=\dimen153
)
(/usr/local/texlive/2020/texmf-dist/tex/latex/amsmath/amsopn.sty
Package: amsopn 2016/03/08 v2.02 operator names
)
\inf@bad=\count191
LaTeX Info: Redefining \frac on input line 227.
\uproot@=\count192
\leftroot@=\count193
LaTeX Info: Redefining \overline on input line 389.
\classnum@=\count194
\DOTSCASE@=\count195
LaTeX Info: Redefining \ldots on input line 486.
LaTeX Info: Redefining \dots on input line 489.
LaTeX Info: Redefining \cdots on input line 610.
\Mathstrutbox@=\box49
\strutbox@=\box50
\big@size=\dimen154
LaTeX Font Info:    Redeclaring font encoding OML on input line 733.
LaTeX Font Info:    Redeclaring font encoding OMS on input line 734.
\macc@depth=\count196
\c@MaxMatrixCols=\count197
\dotsspace@=\muskip17
\c@parentequation=\count198
\dspbrk@lvl=\count199
\tag@help=\toks23
\row@=\count266
\column@=\count267
\maxfields@=\count268
\andhelp@=\toks24
\eqnshift@=\dimen155
\alignsep@=\dimen156
\tagshift@=\dimen157
\tagwidth@=\dimen158
\totwidth@=\dimen159
\lineht@=\dimen160
\@envbody=\toks25
\multlinegap=\skip70
\multlinetaggap=\skip71
\mathdisplay@stack=\toks26
LaTeX Info: Redefining \[ on input line 2859.
LaTeX Info: Redefining \] on input line 2860.
)
(/usr/local/texlive/2020/texmf-dist/tex/latex/psnfss/mathptmx.sty
Package: mathptmx 2005/04/12 PSNFSS-v9.2a Times w/ Math, improved (SPQR, WaS) 
LaTeX Font Info:    Redeclaring symbol font `operators' on input line 28.
LaTeX Font Info:    Overwriting symbol font `operators' in version `normal'
(Font)                  OT1/cmr/m/n --> OT1/ztmcm/m/n on input line 28.
LaTeX Font Info:    Overwriting symbol font `operators' in version `bold'
(Font)                  OT1/cmr/bx/n --> OT1/ztmcm/m/n on input line 28.
LaTeX Font Info:    Redeclaring symbol font `letters' on input line 29.
LaTeX Font Info:    Overwriting symbol font `letters' in version `normal'
(Font)                  OML/cmm/m/it --> OML/ztmcm/m/it on input line 29.
LaTeX Font Info:    Overwriting symbol font `letters' in version `bold'
(Font)                  OML/cmm/b/it --> OML/ztmcm/m/it on input line 29.
LaTeX Font Info:    Redeclaring symbol font `symbols' on input line 30.
LaTeX Font Info:    Overwriting symbol font `symbols' in version `normal'
(Font)                  OMS/cmsy/m/n --> OMS/ztmcm/m/n on input line 30.
LaTeX Font Info:    Overwriting symbol font `symbols' in version `bold'
(Font)                  OMS/cmsy/b/n --> OMS/ztmcm/m/n on input line 30.
LaTeX Font Info:    Redeclaring symbol font `largesymbols' on input line 31.
LaTeX Font Info:    Overwriting symbol font `largesymbols' in version `normal'
(Font)                  OMX/cmex/m/n --> OMX/ztmcm/m/n on input line 31.
LaTeX Font Info:    Overwriting symbol font `largesymbols' in version `bold'
(Font)                  OMX/cmex/m/n --> OMX/ztmcm/m/n on input line 31.
\symbold=\mathgroup6
\symitalic=\mathgroup7
LaTeX Font Info:    Redeclaring math alphabet \mathbf on input line 34.
LaTeX Font Info:    Overwriting math alphabet `\mathbf' in version `normal'
(Font)                  OT1/cmr/bx/n --> OT1/ptm/bx/n on input line 34.
LaTeX Font Info:    Overwriting math alphabet `\mathbf' in version `bold'
(Font)                  OT1/cmr/bx/n --> OT1/ptm/bx/n on input line 34.
LaTeX Font Info:    Redeclaring math alphabet \mathit on input line 35.
LaTeX Font Info:    Overwriting math alphabet `\mathit' in version `normal'
(Font)                  OT1/cmr/m/it --> OT1/ptm/m/it on input line 35.
LaTeX Font Info:    Overwriting math alphabet `\mathit' in version `bold'
(Font)                  OT1/cmr/bx/it --> OT1/ptm/m/it on input line 35.
LaTeX Info: Redefining \hbar on input line 50.
)
(/usr/local/texlive/2020/texmf-dist/tex/latex/tools/bm.sty
Package: bm 2019/07/24 v1.2d Bold Symbol Support (DPC/FMi)
LaTeX Info: Redefining \bm on input line 209.
)
(/usr/local/texlive/2020/texmf-dist/tex/latex/graphics/graphicx.sty
Package: graphicx 2019/11/30 v1.2a Enhanced LaTeX Graphics (DPC,SPQR)
\Gin@req@height=\dimen161
\Gin@req@width=\dimen162
)
(/usr/local/texlive/2020/texmf-dist/tex/latex/subfigure/subfigure.sty
Package: subfigure 2002/03/15 v2.1.5 subfigure package
\subfigtopskip=\skip72
\subfigcapskip=\skip73
\subfigcaptopadj=\dimen163
\subfigbottomskip=\skip74
\subfigcapmargin=\dimen164
\subfiglabelskip=\skip75
\c@subfigure=\count269
\c@lofdepth=\count270
\c@subtable=\count271
\c@lotdepth=\count272

****************************************
* Local config file subfigure.cfg used *
****************************************
(/usr/local/texlive/2020/texmf-dist/tex/latex/subfigure/subfigure.cfg)
\subfig@top=\skip76
\subfig@bottom=\skip77
)
(/usr/local/texlive/2020/texmf-dist/tex/latex/wrapfig/wrapfig.sty
\wrapoverhang=\dimen165
\WF@size=\dimen166
\c@WF@wrappedlines=\count273
\WF@box=\box51
\WF@everypar=\toks27
Package: wrapfig 2003/01/31  v 3.6
)
(/usr/local/texlive/2020/texmf-dist/tex/latex/graphics/epsfig.sty
Package: epsfig 2017/06/25 v1.7b (e)psfig emulation (SPQR)
\epsfxsize=\dimen167
\epsfysize=\dimen168
)
(/usr/local/texlive/2020/texmf-dist/tex/latex/tools/enumerate.sty
Package: enumerate 2015/07/23 v3.00 enumerate extensions (DPC)
\@enLab=\toks28
)
(/usr/local/texlive/2020/texmf-dist/tex/latex/graphics/rotating.sty
Package: rotating 2016/08/11 v2.16d rotated objects in LaTeX
\c@r@tfl@t=\count274
\rotFPtop=\skip78
\rotFPbot=\skip79
\rot@float@box=\box52
\rot@mess@toks=\toks29
)
(/usr/local/texlive/2020/texmf-dist/tex/latex/multirow/multirow.sty
Package: multirow 2019/05/31 v2.5 Span multiple rows of a table
\multirow@colwidth=\skip80
\multirow@cntb=\count275
\multirow@dima=\skip81
\bigstrutjot=\dimen169
)
(/usr/local/texlive/2020/texmf-dist/tex/latex/colortbl/colortbl.sty
Package: colortbl 2020/01/04 v1.0e Color table columns (DPC)

(/usr/local/texlive/2020/texmf-dist/tex/latex/tools/array.sty
Package: array 2019/08/31 v2.4l Tabular extension package (FMi)
\col@sep=\dimen170
\ar@mcellbox=\box53
\extrarowheight=\dimen171
\NC@list=\toks30
\extratabsurround=\skip82
\backup@length=\skip83
\ar@cellbox=\box54
)
\everycr=\toks31
\minrowclearance=\skip84
)
(/usr/local/texlive/2020/texmf-dist/tex/latex/pstricks/pstricks.sty
Package: pstricks 2018/12/21 v0.69 LaTeX wrapper for `PSTricks' (RN,HV)

(/usr/local/texlive/2020/texmf-dist/tex/generic/iftex/iftex.sty
Package: iftex 2020/03/06 v1.0d TeX engine tests
)
(/usr/local/texlive/2020/texmf-dist/tex/latex/tools/shellesc.sty
Package: shellesc 2019/11/08 v1.0c unified shell escape interface for LaTeX
Package shellesc Info: Restricted shell escape enabled on input line 77.
)
(/usr/local/texlive/2020/texmf-dist/tex/generic/xkeyval/pst-xkey.tex
File: pst-xkey.tex 2005/11/25 v1.6 PSTricks specialization of xkeyval (HA)

(/usr/local/texlive/2020/texmf-dist/tex/latex/xkeyval/xkeyval.sty
Package: xkeyval 2014/12/03 v2.7a package option processing (HA)

(/usr/local/texlive/2020/texmf-dist/tex/generic/xkeyval/xkeyval.tex
(/usr/local/texlive/2020/texmf-dist/tex/generic/xkeyval/xkvutils.tex
\XKV@toks=\toks32
\XKV@tempa@toks=\toks33
)
\XKV@depth=\count276
File: xkeyval.tex 2014/12/03 v2.7a key=value parser (HA)
)))
(/usr/local/texlive/2020/texmf-dist/tex/generic/pstricks/pstricks.tex
(/usr/local/texlive/2020/texmf-dist/tex/generic/pstricks/pst-fp.tex
`pst-fp' v0.05, 2010/01/17 (hv)
\pstFP@xs=\count277
\pstFP@xia=\count278
\pstFP@xib=\count279
\pstFP@xfa=\count280
\pstFP@xfb=\count281
\pstFP@rega=\count282
\pstFP@regb=\count283
\pstFP@regs=\count284
\pstFP@times=\count285
)
(/usr/local/texlive/2020/texmf-dist/tex/generic/pgf/utilities/pgfutil-common.te
x
\pgfutil@everybye=\toks34
\pgfutil@tempdima=\dimen172
\pgfutil@tempdimb=\dimen173

(/usr/local/texlive/2020/texmf-dist/tex/generic/pgf/utilities/pgfutil-common-li
sts.tex))
(/usr/local/texlive/2020/texmf-dist/tex/generic/pgf/utilities/pgfkeys.code.tex
\pgfkeys@pathtoks=\toks35
\pgfkeys@temptoks=\toks36

(/usr/local/texlive/2020/texmf-dist/tex/generic/pgf/utilities/pgfkeysfiltered.c
ode.tex
\pgfkeys@tmptoks=\toks37
))
(/usr/local/texlive/2020/texmf-dist/tex/generic/pgf/utilities/pgffor.code.tex
Loading pgffor.code.tex
(/usr/local/texlive/2020/texmf-dist/tex/generic/pgf/math/pgfmath.code.tex
(/usr/local/texlive/2020/texmf-dist/tex/generic/pgf/math/pgfmathcalc.code.tex
(/usr/local/texlive/2020/texmf-dist/tex/generic/pgf/math/pgfmathutil.code.tex
\pgf@x=\dimen174
\pgf@xa=\dimen175
\pgf@xb=\dimen176
\pgf@xc=\dimen177
\pgf@y=\dimen178
\pgf@ya=\dimen179
\pgf@yb=\dimen180
\pgf@yc=\dimen181
\c@pgf@counta=\count286
\c@pgf@countb=\count287
\c@pgf@countc=\count288
\c@pgf@countd=\count289
\pgfutil@tempcnta=\count290
\pgfutil@tempcntb=\count291
)
(/usr/local/texlive/2020/texmf-dist/tex/generic/pgf/math/pgfmathparser.code.tex
\pgfmath@dimen=\dimen182
\pgfmath@count=\count292
\pgfmath@box=\box55
\pgfmath@toks=\toks38
\pgfmath@stack@operand=\toks39
\pgfmath@stack@operation=\toks40
)
(/usr/local/texlive/2020/texmf-dist/tex/generic/pgf/math/pgfmathfunctions.code.
tex
(/usr/local/texlive/2020/texmf-dist/tex/generic/pgf/math/pgfmathfunctions.basic
.code.tex)
(/usr/local/texlive/2020/texmf-dist/tex/generic/pgf/math/pgfmathfunctions.trigo
nometric.code.tex)
(/usr/local/texlive/2020/texmf-dist/tex/generic/pgf/math/pgfmathfunctions.rando
m.code.tex)
(/usr/local/texlive/2020/texmf-dist/tex/generic/pgf/math/pgfmathfunctions.compa
rison.code.tex)
(/usr/local/texlive/2020/texmf-dist/tex/generic/pgf/math/pgfmathfunctions.base.
code.tex)
(/usr/local/texlive/2020/texmf-dist/tex/generic/pgf/math/pgfmathfunctions.round
.code.tex)
(/usr/local/texlive/2020/texmf-dist/tex/generic/pgf/math/pgfmathfunctions.misc.
code.tex)
(/usr/local/texlive/2020/texmf-dist/tex/generic/pgf/math/pgfmathfunctions.integ
erarithmetics.code.tex)))
(/usr/local/texlive/2020/texmf-dist/tex/generic/pgf/math/pgfmathfloat.code.tex
\c@pgfmathroundto@lastzeros=\count293
))
\pgffor@iter=\dimen183
\pgffor@skip=\dimen184
\pgffor@stack=\toks41
\pgffor@toks=\toks42
)
\psLoopIndex=\count294

`PSTricks' v2.97  <2019/05/11> (tvz,hv)
\pst@dima=\dimen185
\pst@dimb=\dimen186
\pst@dimc=\dimen187
\pst@dimd=\dimen188
\pst@dimg=\dimen189
\pst@dimh=\dimen190
\pst@dimm=\dimen191
\pst@dimn=\dimen192
\pst@dimo=\dimen193
\pst@dimp=\dimen194
\pst@hbox=\box56
\pst@ibox=\box57
\pst@boxg=\box58
\pst@cnta=\count295
\pst@cntb=\count296
\pst@cntc=\count297
\pst@cntd=\count298
\pst@cntg=\count299
\pst@cnth=\count300
\pst@cntm=\count301
\pst@cntn=\count302
\pst@cnto=\count303
\pst@cntp=\count304
\@zero=\count305
\pst@toks=\toks43
(/usr/local/texlive/2020/texmf-dist/tex/generic/pstricks/pstricks.con)
\psunit=\dimen195
\psxunit=\dimen196
\psyunit=\dimen197
\pst@C@@rType=\count306
\pslinewidth=\dimen198
\psk@startLW=\dimen199
\psk@endLW=\dimen256
\pst@customdefs=\toks44
\pslinearc=\dimen257
\pst@symbolStep=\dimen258
\pst@symbolWidth=\dimen259
\pst@symbolLinewidth=\dimen260
\everypsbox=\toks45
\psframesep=\dimen261
\pslabelsep=\dimen262
\sh@wgridXunit=\dimen263
\sh@wgridYunit=\dimen264
\pst@shift=\dimen265
)
File: pstricks.tex 2019/05/11 v2.97 `PSTricks' (tvz,hv)

(/usr/local/texlive/2020/texmf-dist/tex/generic/pstricks/pst-fp.tex)
File: pst-fp.tex 2019/05/11 v2.97 `PST-fp' (hv)
)
(/usr/local/texlive/2020/texmf-dist/tex/latex/pst-plot/pst-plot.sty
Package: pst-plot 2011/06/05 v1.00 LaTeX wrapper for `pst-plot' (HV)

(/usr/local/texlive/2020/texmf-dist/tex/latex/xkeyval/pst-xkey.sty
Package: pst-xkey 2005/11/25 v1.6 package wrapper for pst-xkey.tex (HA)
)
(/usr/local/texlive/2020/texmf-dist/tex/latex/multido/multido.sty
Package: multido 2004/05/17 package wrapper for PSTricks `multido.tex', (HV/RN)


(/usr/local/texlive/2020/texmf-dist/tex/generic/multido/multido.tex
 v1.42, 2010/05/14 <tvz>
\multido@count=\count307
\multidocount=\count308
\multido@stuff=\toks46
)
File: multido.tex 2010/05/14 v1.42 `multido' (tvz,hv)
)
Package: pst-plot 2011/04/13 package wrapper for pst-plot.tex (hv)

(/usr/local/texlive/2020/texmf-dist/tex/generic/pst-plot/pst-plot.tex
(/usr/local/texlive/2020/texmf-dist/tex/generic/pst-tools/pst-tools.tex
`PST-tools' v0.10, 2020/03/24 (hv)
\randomi=\count309
\ranval=\count310
)
(/usr/local/texlive/2020/texmf-dist/tex/generic/pstricks-add/pstricks-add.tex
(/usr/local/texlive/2020/texmf-dist/tex/generic/pst-node/pst-node.tex
 v1.42, 2019/03/03
\psrow=\count311
\pscol=\count312
\psmatrixcnt=\count313
\psrowsep=\skip85
\pscolsep=\skip86
\pst@args=\count314
\num@pts=\count315
\pst@argcnt=\count316
)
(/usr/local/texlive/2020/texmf-dist/tex/generic/pst-arrow/pst-arrow.tex
`pst-arrow' v0.01, 2016/09/01 (dr,hv)
\pshooklength=\dimen266
\pshookwidth=\dimen267
)
(/usr/local/texlive/2020/texmf-dist/tex/generic/pst-3d/pst-3d.tex
`PST-3d' v1.11, 2010/02/14 (tvz))
(/usr/local/texlive/2020/texmf-dist/tex/generic/pst-math/pst-math.tex
`pst-math' v0.64 , (CJ,hv)) `pstricks-add' v3.89a, 2020/02/12 (dr,hv)
\psparallelogramsep=\dimen268
\pst@cntC=\count317
\pst@stepcount=\count318
\chart@ColorIndex=\dimen269
\chart@ColorStep=\dimen270
\pst@chartHeight=\dimen271
\pst@chartStackDepth=\dimen272
\pst@chartStackWidth=\dimen273
\chart@Toggle=\count319
\psVectorCtr=\count320
)
 v1.92, 2019/05/16 (tvz,hv)
\pstRadUnit=\dimen274
\pstRadUnitInv=\dimen275
\pst@linecnt=\count321
\RCD@file=\read2
\psxlabelsep=\dimen276
\psylabelsep=\dimen277
\psk@subticksize=\dimen278
\pst@xticksizeA=\dimen279
\pst@xticksizeB=\dimen280
\pst@xticksizeC=\dimen281
\pst@yticksizeA=\dimen282
\pst@yticksizeB=\dimen283
\pst@yticksizeC=\dimen284
\@digitcounter=\count322
\psk@llx=\dimen285
\psk@lly=\dimen286
\psk@urx=\dimen287
\psk@ury=\dimen288
\pst@xunit=\dimen289
\pst@yunit=\dimen290
)
File: pst-plot.tex 2019/05/16 1.92 `pst-plot' (tvz,hv)
)
(/usr/local/texlive/2020/texmf-dist/tex/latex/cite/cite.sty
LaTeX Info: Redefining \cite on input line 302.
LaTeX Info: Redefining \nocite on input line 332.
Package: cite 2015/02/27  v 5.5
)
(/usr/local/texlive/2020/texmf-dist/tex/latex/base/latexsym.sty
Package: latexsym 1998/08/17 v2.2e Standard LaTeX package (lasy symbols)
\symlasy=\mathgroup8
LaTeX Font Info:    Overwriting symbol font `lasy' in version `bold'
(Font)                  U/lasy/m/n --> U/lasy/b/n on input line 52.
)
(/usr/local/texlive/2020/texmf-dist/tex/latex/listings/listings.sty
\lst@mode=\count323
\lst@gtempboxa=\box59
\lst@token=\toks47
\lst@length=\count324
\lst@currlwidth=\dimen291
\lst@column=\count325
\lst@pos=\count326
\lst@lostspace=\dimen292
\lst@width=\dimen293
\lst@newlines=\count327
\lst@lineno=\count328
\lst@maxwidth=\dimen294

(/usr/local/texlive/2020/texmf-dist/tex/latex/listings/lstmisc.sty
File: lstmisc.sty 2020/03/24 1.8d (Carsten Heinz)
\c@lstnumber=\count329
\lst@skipnumbers=\count330
\lst@framebox=\box60
)
(/usr/local/texlive/2020/texmf-dist/tex/latex/listings/listings.cfg
File: listings.cfg 2020/03/24 1.8d listings configuration
))
Package: listings 2020/03/24 1.8d (Carsten Heinz)

(/usr/local/texlive/2020/texmf-dist/tex/latex/markdown/markdown.sty
(/usr/local/texlive/2020/texmf-dist/tex/latex/fancyvrb/fancyvrb.sty
Package: fancyvrb 2020/01/13 v3.5 verbatim text (tvz,hv)
\FV@CodeLineNo=\count331
\FV@InFile=\read3
\FV@TabBox=\box61
\c@FancyVerbLine=\count332
\FV@StepNumber=\count333
\FV@OutFile=\write3
)
(/usr/local/texlive/2020/texmf-dist/tex/latex/csvsimple/csvsimple.sty
Package: csvsimple 2019/04/09 version 1.21 LaTeX CSV file processing

(/usr/local/texlive/2020/texmf-dist/tex/latex/pgf/utilities/pgfrcs.sty
(/usr/local/texlive/2020/texmf-dist/tex/generic/pgf/utilities/pgfutil-common.te
x
\pgfutil@everybye=\toks48
\pgfutil@tempdima=\dimen295
\pgfutil@tempdimb=\dimen296

(/usr/local/texlive/2020/texmf-dist/tex/generic/pgf/utilities/pgfutil-common-li
sts.tex))
(/usr/local/texlive/2020/texmf-dist/tex/generic/pgf/utilities/pgfutil-latex.def
\pgfutil@abb=\box62
) (/usr/local/texlive/2020/texmf-dist/tex/generic/pgf/utilities/pgfrcs.code.tex
(/usr/local/texlive/2020/texmf-dist/tex/generic/pgf/pgf.revision.tex)
Package: pgfrcs 2020/01/08 v3.1.5b (3.1.5b)
))
(/usr/local/texlive/2020/texmf-dist/tex/latex/pgf/utilities/pgfkeys.sty
(/usr/local/texlive/2020/texmf-dist/tex/generic/pgf/utilities/pgfkeys.code.tex)
)
\csv@file=\read4
\c@csvinputline=\count334
\c@csvrow=\count335
\c@csvcol=\count336
\csv@out=\write4
) (/usr/local/texlive/2020/texmf-dist/tex/generic/gobble/gobble.sty
Package: gobble 2019/01/04 v0.2 Provides more gobble macros

(/usr/local/texlive/2020/texmf-dist/tex/generic/gobble/gobble.tex))
(/usr/local/texlive/2020/texmf-dist/tex/generic/markdown/markdown.tex
\markdownInputFileStream=\read5
\markdownOutputFileStream=\write5
(l.517) markdown.tex info: Using mode 0: Shell escape via write18.
)
Package: markdown 2020/03/20 v2.8.2 markdown renderer

(/usr/local/texlive/2020/texmf-dist/tex/latex/paralist/paralist.sty
Package: paralist 2017/01/22 v2.7 Extended list environments
\pltopsep=\skip87
\plpartopsep=\skip88
\plitemsep=\skip89
\plparsep=\skip90
\pl@lab=\toks49
)
\markdownLaTeXCitationsCounter=\count337
\markdownLaTeXRowCounter=\count338
\markdownLaTeXRowTotal=\count339
\markdownLaTeXColumnCounter=\count340
\markdownLaTeXColumnTotal=\count341
\markdownLaTeXTable=\toks50
\markdownLaTeXTableAlignment=\toks51
\markdownLaTeXTableEnd=\toks52
)
(/usr/local/texlive/2020/texmf-dist/tex/latex/hyperref/hyperref.sty
Package: hyperref 2020/01/14 v7.00d Hypertext links for LaTeX

(/usr/local/texlive/2020/texmf-dist/tex/generic/ltxcmds/ltxcmds.sty
Package: ltxcmds 2019/12/15 v1.24 LaTeX kernel commands for general use (HO)
)
(/usr/local/texlive/2020/texmf-dist/tex/latex/pdftexcmds/pdftexcmds.sty
Package: pdftexcmds 2019/11/24 v0.31 Utility functions of pdfTeX for LuaTeX (HO
)

(/usr/local/texlive/2020/texmf-dist/tex/generic/infwarerr/infwarerr.sty
Package: infwarerr 2019/12/03 v1.5 Providing info/warning/error messages (HO)
)
Package pdftexcmds Info: \pdf@primitive is available.
Package pdftexcmds Info: \pdf@ifprimitive is available.
Package pdftexcmds Info: \pdfdraftmode found.
)
(/usr/local/texlive/2020/texmf-dist/tex/generic/kvsetkeys/kvsetkeys.sty
Package: kvsetkeys 2019/12/15 v1.18 Key value parser (HO)
)
(/usr/local/texlive/2020/texmf-dist/tex/generic/kvdefinekeys/kvdefinekeys.sty
Package: kvdefinekeys 2019-12-19 v1.6 Define keys (HO)
)
(/usr/local/texlive/2020/texmf-dist/tex/generic/pdfescape/pdfescape.sty
Package: pdfescape 2019/12/09 v1.15 Implements pdfTeX's escape features (HO)
)
(/usr/local/texlive/2020/texmf-dist/tex/latex/hycolor/hycolor.sty
Package: hycolor 2020-01-27 v1.10 Color options for hyperref/bookmark (HO)
)
(/usr/local/texlive/2020/texmf-dist/tex/latex/letltxmacro/letltxmacro.sty
Package: letltxmacro 2019/12/03 v1.6 Let assignment for LaTeX macros (HO)
)
(/usr/local/texlive/2020/texmf-dist/tex/latex/auxhook/auxhook.sty
Package: auxhook 2019-12-17 v1.6 Hooks for auxiliary files (HO)


Package auxhook Warning: Cannot patch \document,
(auxhook)                using \AtBeginDocument instead.

) (/usr/local/texlive/2020/texmf-dist/tex/latex/kvoptions/kvoptions.sty
Package: kvoptions 2019/11/29 v3.13 Key value format for package options (HO)
)
\@linkdim=\dimen297
\Hy@linkcounter=\count342
\Hy@pagecounter=\count343

(/usr/local/texlive/2020/texmf-dist/tex/latex/hyperref/pd1enc.def
File: pd1enc.def 2020/01/14 v7.00d Hyperref: PDFDocEncoding definition (HO)
Now handling font encoding PD1 ...
... no UTF-8 mapping file for font encoding PD1
)
(/usr/local/texlive/2020/texmf-dist/tex/generic/intcalc/intcalc.sty
Package: intcalc 2019/12/15 v1.3 Expandable calculations with integers (HO)
)
(/usr/local/texlive/2020/texmf-dist/tex/generic/etexcmds/etexcmds.sty
Package: etexcmds 2019/12/15 v1.7 Avoid name clashes with e-TeX commands (HO)
)
\Hy@SavedSpaceFactor=\count344
Package hyperref Info: Hyper figures OFF on input line 4547.
Package hyperref Info: Link nesting OFF on input line 4552.
Package hyperref Info: Hyper index ON on input line 4555.
Package hyperref Info: Plain pages OFF on input line 4562.
Package hyperref Info: Backreferencing OFF on input line 4567.
Package hyperref Info: Implicit mode ON; LaTeX internals redefined.
Package hyperref Info: Bookmarks ON on input line 4800.
\c@Hy@tempcnt=\count345
LaTeX Info: Redefining \url on input line 5159.
\XeTeXLinkMargin=\dimen298

(/usr/local/texlive/2020/texmf-dist/tex/generic/bitset/bitset.sty
Package: bitset 2019/12/09 v1.3 Handle bit-vector datatype (HO)

(/usr/local/texlive/2020/texmf-dist/tex/generic/bigintcalc/bigintcalc.sty
Package: bigintcalc 2019/12/15 v1.5 Expandable calculations on big integers (HO
)
))
\Fld@menulength=\count346
\Field@Width=\dimen299
\Fld@charsize=\dimen300
Package hyperref Info: Hyper figures OFF on input line 6430.
Package hyperref Info: Link nesting OFF on input line 6435.
Package hyperref Info: Hyper index ON on input line 6438.
Package hyperref Info: backreferencing OFF on input line 6445.
Package hyperref Info: Link coloring OFF on input line 6450.
Package hyperref Info: Link coloring with OCG OFF on input line 6455.
Package hyperref Info: PDF/A mode OFF on input line 6460.
LaTeX Info: Redefining \ref on input line 6500.
LaTeX Info: Redefining \pageref on input line 6504.

(/usr/local/texlive/2020/texmf-dist/tex/generic/atbegshi/atbegshi.sty
Package: atbegshi 2019/12/05 v1.19 At begin shipout hook (HO)
)
\Hy@abspage=\count347
\c@Item=\count348
\c@Hfootnote=\count349
)
Package hyperref Info: Driver (autodetected): hpdftex.

(/usr/local/texlive/2020/texmf-dist/tex/latex/hyperref/hpdftex.def
File: hpdftex.def 2020/01/14 v7.00d Hyperref driver for pdfTeX

(/usr/local/texlive/2020/texmf-dist/tex/latex/atveryend/atveryend.sty
Package: atveryend 2019-12-11 v1.11 Hooks at the very end of document (HO)
Package atveryend Info: \AP@enddocument detected (standard20110627).
)
\Fld@listcount=\count350
\c@bookmark@seq@number=\count351

(/usr/local/texlive/2020/texmf-dist/tex/latex/rerunfilecheck/rerunfilecheck.sty
Package: rerunfilecheck 2019/12/05 v1.9 Rerun checks for auxiliary files (HO)

(/usr/local/texlive/2020/texmf-dist/tex/generic/uniquecounter/uniquecounter.sty
Package: uniquecounter 2019/12/15 v1.4 Provide unlimited unique counter (HO)
)
Package uniquecounter Info: New unique counter `rerunfilecheck' on input line 2
86.
)
\Hy@SectionHShift=\skip91
) (/usr/local/texlive/2020/texmf-dist/tex/latex/xurl/xurl.sty
Package: xurl 2020/01/24 v 0.09 modify URL breaks
)
(/usr/local/texlive/2020/texmf-dist/tex/latex/base/fixltx2e.sty
Package: fixltx2e 2016/12/29 v2.1a fixes to LaTeX (obsolete)
Applying: [2015/01/01] Old fixltx2e package on input line 46.


Package fixltx2e Warning: fixltx2e is not required with releases after 2015
(fixltx2e)                All fixes are now in the LaTeX kernel.
(fixltx2e)                See the latexrelease package for details.

Already applied: [0000/00/00] Old fixltx2e package on input line 53.
) (/usr/local/texlive/2020/texmf-dist/tex/latex/tcolorbox/tcolorbox.sty
Package: tcolorbox 2019/11/15 version 4.22 text color boxes

(/usr/local/texlive/2020/texmf-dist/tex/latex/pgf/basiclayer/pgf.sty
Package: pgf 2020/01/08 v3.1.5b (3.1.5b)

(/usr/local/texlive/2020/texmf-dist/tex/latex/pgf/basiclayer/pgfcore.sty
(/usr/local/texlive/2020/texmf-dist/tex/latex/pgf/systemlayer/pgfsys.sty
(/usr/local/texlive/2020/texmf-dist/tex/generic/pgf/systemlayer/pgfsys.code.tex
Package: pgfsys 2020/01/08 v3.1.5b (3.1.5b)
(/usr/local/texlive/2020/texmf-dist/tex/generic/pgf/utilities/pgfkeys.code.tex)
\pgf@x=\dimen301
\pgf@y=\dimen302
\pgf@xa=\dimen303
\pgf@ya=\dimen304
\pgf@xb=\dimen305
\pgf@yb=\dimen306
\pgf@xc=\dimen307
\pgf@yc=\dimen308
\pgf@xd=\dimen309
\pgf@yd=\dimen310
\w@pgf@writea=\write6
\r@pgf@reada=\read6
\c@pgf@counta=\count352
\c@pgf@countb=\count353
\c@pgf@countc=\count354
\c@pgf@countd=\count355
\t@pgf@toka=\toks53
\t@pgf@tokb=\toks54
\t@pgf@tokc=\toks55
\pgf@sys@id@count=\count356
(/usr/local/texlive/2020/texmf-dist/tex/generic/pgf/systemlayer/pgf.cfg
File: pgf.cfg 2020/01/08 v3.1.5b (3.1.5b)
)
Driver file for pgf: pgfsys-pdftex.def

(/usr/local/texlive/2020/texmf-dist/tex/generic/pgf/systemlayer/pgfsys-pdftex.d
ef
File: pgfsys-pdftex.def 2020/01/08 v3.1.5b (3.1.5b)

(/usr/local/texlive/2020/texmf-dist/tex/generic/pgf/systemlayer/pgfsys-common-p
df.def
File: pgfsys-common-pdf.def 2020/01/08 v3.1.5b (3.1.5b)
)))
(/usr/local/texlive/2020/texmf-dist/tex/generic/pgf/systemlayer/pgfsyssoftpath.
code.tex
File: pgfsyssoftpath.code.tex 2020/01/08 v3.1.5b (3.1.5b)
\pgfsyssoftpath@smallbuffer@items=\count357
\pgfsyssoftpath@bigbuffer@items=\count358
)
(/usr/local/texlive/2020/texmf-dist/tex/generic/pgf/systemlayer/pgfsysprotocol.
code.tex
File: pgfsysprotocol.code.tex 2020/01/08 v3.1.5b (3.1.5b)
))
(/usr/local/texlive/2020/texmf-dist/tex/generic/pgf/basiclayer/pgfcore.code.tex
Package: pgfcore 2020/01/08 v3.1.5b (3.1.5b)
(/usr/local/texlive/2020/texmf-dist/tex/generic/pgf/math/pgfmath.code.tex)
(/usr/local/texlive/2020/texmf-dist/tex/generic/pgf/math/pgfint.code.tex)
(/usr/local/texlive/2020/texmf-dist/tex/generic/pgf/basiclayer/pgfcorepoints.co
de.tex
File: pgfcorepoints.code.tex 2020/01/08 v3.1.5b (3.1.5b)
\pgf@picminx=\dimen311
\pgf@picmaxx=\dimen312
\pgf@picminy=\dimen313
\pgf@picmaxy=\dimen314
\pgf@pathminx=\dimen315
\pgf@pathmaxx=\dimen316
\pgf@pathminy=\dimen317
\pgf@pathmaxy=\dimen318
\pgf@xx=\dimen319
\pgf@xy=\dimen320
\pgf@yx=\dimen321
\pgf@yy=\dimen322
\pgf@zx=\dimen323
\pgf@zy=\dimen324
)
(/usr/local/texlive/2020/texmf-dist/tex/generic/pgf/basiclayer/pgfcorepathconst
ruct.code.tex
File: pgfcorepathconstruct.code.tex 2020/01/08 v3.1.5b (3.1.5b)
\pgf@path@lastx=\dimen325
\pgf@path@lasty=\dimen326
)
(/usr/local/texlive/2020/texmf-dist/tex/generic/pgf/basiclayer/pgfcorepathusage
.code.tex
File: pgfcorepathusage.code.tex 2020/01/08 v3.1.5b (3.1.5b)
\pgf@shorten@end@additional=\dimen327
\pgf@shorten@start@additional=\dimen328
)
(/usr/local/texlive/2020/texmf-dist/tex/generic/pgf/basiclayer/pgfcorescopes.co
de.tex
File: pgfcorescopes.code.tex 2020/01/08 v3.1.5b (3.1.5b)
\pgfpic=\box63
\pgf@hbox=\box64
\pgf@layerbox@main=\box65
\pgf@picture@serial@count=\count359
)
(/usr/local/texlive/2020/texmf-dist/tex/generic/pgf/basiclayer/pgfcoregraphicst
ate.code.tex
File: pgfcoregraphicstate.code.tex 2020/01/08 v3.1.5b (3.1.5b)
\pgflinewidth=\dimen329
)
(/usr/local/texlive/2020/texmf-dist/tex/generic/pgf/basiclayer/pgfcoretransform
ations.code.tex
File: pgfcoretransformations.code.tex 2020/01/08 v3.1.5b (3.1.5b)
\pgf@pt@x=\dimen330
\pgf@pt@y=\dimen331
\pgf@pt@temp=\dimen332
)
(/usr/local/texlive/2020/texmf-dist/tex/generic/pgf/basiclayer/pgfcorequick.cod
e.tex
File: pgfcorequick.code.tex 2020/01/08 v3.1.5b (3.1.5b)
)
(/usr/local/texlive/2020/texmf-dist/tex/generic/pgf/basiclayer/pgfcoreobjects.c
ode.tex
File: pgfcoreobjects.code.tex 2020/01/08 v3.1.5b (3.1.5b)
)
(/usr/local/texlive/2020/texmf-dist/tex/generic/pgf/basiclayer/pgfcorepathproce
ssing.code.tex
File: pgfcorepathprocessing.code.tex 2020/01/08 v3.1.5b (3.1.5b)
)
(/usr/local/texlive/2020/texmf-dist/tex/generic/pgf/basiclayer/pgfcorearrows.co
de.tex
File: pgfcorearrows.code.tex 2020/01/08 v3.1.5b (3.1.5b)
\pgfarrowsep=\dimen333
)
(/usr/local/texlive/2020/texmf-dist/tex/generic/pgf/basiclayer/pgfcoreshade.cod
e.tex
File: pgfcoreshade.code.tex 2020/01/08 v3.1.5b (3.1.5b)
\pgf@max=\dimen334
\pgf@sys@shading@range@num=\count360
\pgf@shadingcount=\count361
)
(/usr/local/texlive/2020/texmf-dist/tex/generic/pgf/basiclayer/pgfcoreimage.cod
e.tex
File: pgfcoreimage.code.tex 2020/01/08 v3.1.5b (3.1.5b)

(/usr/local/texlive/2020/texmf-dist/tex/generic/pgf/basiclayer/pgfcoreexternal.
code.tex
File: pgfcoreexternal.code.tex 2020/01/08 v3.1.5b (3.1.5b)
\pgfexternal@startupbox=\box66
))
(/usr/local/texlive/2020/texmf-dist/tex/generic/pgf/basiclayer/pgfcorelayers.co
de.tex
File: pgfcorelayers.code.tex 2020/01/08 v3.1.5b (3.1.5b)
)
(/usr/local/texlive/2020/texmf-dist/tex/generic/pgf/basiclayer/pgfcoretranspare
ncy.code.tex
File: pgfcoretransparency.code.tex 2020/01/08 v3.1.5b (3.1.5b)
)
(/usr/local/texlive/2020/texmf-dist/tex/generic/pgf/basiclayer/pgfcorepatterns.
code.tex
File: pgfcorepatterns.code.tex 2020/01/08 v3.1.5b (3.1.5b)
)
(/usr/local/texlive/2020/texmf-dist/tex/generic/pgf/basiclayer/pgfcorerdf.code.
tex
File: pgfcorerdf.code.tex 2020/01/08 v3.1.5b (3.1.5b)
)))
(/usr/local/texlive/2020/texmf-dist/tex/generic/pgf/modules/pgfmoduleshapes.cod
e.tex
File: pgfmoduleshapes.code.tex 2020/01/08 v3.1.5b (3.1.5b)
\pgfnodeparttextbox=\box67
)
(/usr/local/texlive/2020/texmf-dist/tex/generic/pgf/modules/pgfmoduleplot.code.
tex
File: pgfmoduleplot.code.tex 2020/01/08 v3.1.5b (3.1.5b)
)
(/usr/local/texlive/2020/texmf-dist/tex/latex/pgf/compatibility/pgfcomp-version
-0-65.sty
Package: pgfcomp-version-0-65 2020/01/08 v3.1.5b (3.1.5b)
\pgf@nodesepstart=\dimen335
\pgf@nodesepend=\dimen336
)
(/usr/local/texlive/2020/texmf-dist/tex/latex/pgf/compatibility/pgfcomp-version
-1-18.sty
Package: pgfcomp-version-1-18 2020/01/08 v3.1.5b (3.1.5b)
)) (/usr/local/texlive/2020/texmf-dist/tex/latex/tools/verbatim.sty
Package: verbatim 2019/11/10 v1.5r LaTeX2e package for verbatim enhancements
\every@verbatim=\toks56
\verbatim@line=\toks57
\verbatim@in@stream=\read7
)
(/usr/local/texlive/2020/texmf-dist/tex/latex/environ/environ.sty
Package: environ 2014/05/04 v0.3 A new way to define environments

(/usr/local/texlive/2020/texmf-dist/tex/latex/trimspaces/trimspaces.sty
Package: trimspaces 2009/09/17 v1.1 Trim spaces around a token list
))
\tcb@titlebox=\box68
\tcb@upperbox=\box69
\tcb@lowerbox=\box70
\tcb@phantombox=\box71
\c@tcbbreakpart=\count362
\c@tcblayer=\count363
\tcolorbox@number=\count364
\tcb@temp=\box72
\tcb@temp=\box73
\tcb@temp=\box74
\tcb@temp=\box75
\tcb@out=\write7
\tcb@record@out=\write8

(/usr/local/texlive/2020/texmf-dist/tex/latex/tcolorbox/tcbbreakable.code.tex
Library (tcolorbox): 'tcbbreakable.code.tex' version '4.22'
\tcb@testbox=\box76
\tcb@totalupperbox=\box77
\tcb@totallowerbox=\box78
)) (/usr/local/texlive/2020/texmf-dist/tex/latex/parskip/parskip.sty
Package: parskip 2020-01-22 v2.0d non-zero parskip adjustments
)
(/usr/local/texlive/2020/texmf-dist/tex/latex/float/float.sty
Package: float 2001/11/08 v1.3d Float enhancements (AL)
\c@float@type=\count365
\float@exts=\toks58
\float@box=\box79
\@float@everytoks=\toks59
\@floatcapt=\box80
)
(/usr/local/texlive/2020/texmf-dist/tex/latex/geometry/geometry.sty
Package: geometry 2020/01/02 v5.9 Page Geometry

(/usr/local/texlive/2020/texmf-dist/tex/generic/iftex/ifvtex.sty
Package: ifvtex 2019/10/25 v1.7 ifvtex legacy package. Use iftex instead.
)
\Gm@cnth=\count366
\Gm@cntv=\count367
\c@Gm@tempcnt=\count368
\Gm@bindingoffset=\dimen337
\Gm@wd@mp=\dimen338
\Gm@odd@mp=\dimen339
\Gm@even@mp=\dimen340
\Gm@layoutwidth=\dimen341
\Gm@layoutheight=\dimen342
\Gm@layouthoffset=\dimen343
\Gm@layoutvoffset=\dimen344
\Gm@dimlist=\toks60
)
(/usr/local/texlive/2020/texmf-dist/tex/latex/base/textcomp.sty
Package: textcomp 2020/02/02 v2.0n Standard LaTeX package
)
(/usr/local/texlive/2020/texmf-dist/tex/latex/upquote/upquote.sty
Package: upquote 2012/04/19 v1.3 upright-quote and grave-accent glyphs in verba
tim
)
(/usr/local/texlive/2020/texmf-dist/tex/latex/eurosym/eurosym.sty
Package: eurosym 1998/08/06 v1.1 European currency symbol ``Euro''
\@eurobox=\box81
)
(/usr/local/texlive/2020/texmf-dist/tex/latex/ucs/ucs.sty
Package: ucs 2013/05/11 v2.2 UCS: Unicode input support

(/usr/local/texlive/2020/texmf-dist/tex/latex/ucs/data/uni-global.def
File: uni-global.def 2013/05/13 UCS: Unicode global data
)
\uc@secondtry=\count369
\uc@combtoks=\toks61
\uc@combtoksb=\toks62
\uc@temptokena=\toks63
)
(/usr/local/texlive/2020/texmf-dist/tex/latex/grffile/grffile.sty
Package: grffile 2019/11/11 v2.1 Extended file name support for graphics (legac
y)
Package grffile Info: This package is an empty stub for compatibility on input 
line 40.
)
(/usr/local/texlive/2020/texmf-dist/tex/latex/adjustbox/adjustbox.sty
Package: adjustbox 2019/01/04 v1.2 Adjusting TeX boxes (trim, clip, ...)

(/usr/local/texlive/2020/texmf-dist/tex/latex/adjustbox/adjcalc.sty
Package: adjcalc 2012/05/16 v1.1 Provides advanced setlength with multiple back
-ends (calc, etex, pgfmath)
)
(/usr/local/texlive/2020/texmf-dist/tex/latex/adjustbox/trimclip.sty
Package: trimclip 2018/04/08 v1.1 Trim and clip general TeX material

(/usr/local/texlive/2020/texmf-dist/tex/latex/collectbox/collectbox.sty
Package: collectbox 2012/05/17 v0.4b Collect macro arguments as boxes
\collectedbox=\box82
)
\tc@llx=\dimen345
\tc@lly=\dimen346
\tc@urx=\dimen347
\tc@ury=\dimen348
Package trimclip Info: Using driver 'tc-pdftex.def'.

(/usr/local/texlive/2020/texmf-dist/tex/latex/adjustbox/tc-pdftex.def
File: tc-pdftex.def 2019/01/04 v2.2 Clipping driver for pdftex
))
\adjbox@Width=\dimen349
\adjbox@Height=\dimen350
\adjbox@Depth=\dimen351
\adjbox@Totalheight=\dimen352
\adjbox@pwidth=\dimen353
\adjbox@pheight=\dimen354
\adjbox@pdepth=\dimen355
\adjbox@ptotalheight=\dimen356

(/usr/local/texlive/2020/texmf-dist/tex/latex/ifoddpage/ifoddpage.sty
Package: ifoddpage 2016/04/23 v1.1 Conditionals for odd/even page detection
\c@checkoddpage=\count370
)
(/usr/local/texlive/2020/texmf-dist/tex/latex/varwidth/varwidth.sty
Package: varwidth 2009/03/30 ver 0.92;  Variable-width minipages
\@vwid@box=\box83
\sift@deathcycles=\count371
\@vwid@loff=\dimen357
\@vwid@roff=\dimen358
))
(/usr/local/texlive/2020/texmf-dist/tex/latex/titling/titling.sty
Package: titling 2009/09/04 v2.1d maketitle typesetting
\thanksmarkwidth=\skip92
\thanksmargin=\skip93
\droptitle=\skip94
)
(/usr/local/texlive/2020/texmf-dist/tex/latex/tools/longtable.sty
Package: longtable 2020/01/07 v4.13 Multi-page Table package (DPC)
\LTleft=\skip95
\LTright=\skip96
\LTpre=\skip97
\LTpost=\skip98
\LTchunksize=\count372
\LTcapwidth=\dimen359
\LT@head=\box84
\LT@firsthead=\box85
\LT@foot=\box86
\LT@lastfoot=\box87
\LT@cols=\count373
\LT@rows=\count374
\c@LT@tables=\count375
\c@LT@chunks=\count376
\LT@p@ftn=\toks64
)
(/usr/local/texlive/2020/texmf-dist/tex/latex/booktabs/booktabs.sty
Package: booktabs 2020/01/12 v1.61803398 Publication quality tables
\heavyrulewidth=\dimen360
\lightrulewidth=\dimen361
\cmidrulewidth=\dimen362
\belowrulesep=\dimen363
\belowbottomsep=\dimen364
\aboverulesep=\dimen365
\abovetopsep=\dimen366
\cmidrulesep=\dimen367
\cmidrulekern=\dimen368
\defaultaddspace=\dimen369
\@cmidla=\count377
\@cmidlb=\count378
\@aboverulesep=\dimen370
\@belowrulesep=\dimen371
\@thisruleclass=\count379
\@lastruleclass=\count380
\@thisrulewidth=\dimen372
)
(/usr/local/texlive/2020/texmf-dist/tex/latex/enumitem/enumitem.sty
Package: enumitem 2019/06/20 v3.9 Customized lists
\labelindent=\skip99
\enit@outerparindent=\dimen373
\enit@toks=\toks65
\enit@inbox=\box88
\enit@count@id=\count381
\enitdp@description=\count382
)
(/usr/local/texlive/2020/texmf-dist/tex/generic/ulem/ulem.sty
\UL@box=\box89
\UL@hyphenbox=\box90
\UL@skip=\skip100
\UL@hook=\toks66
\UL@height=\dimen374
\UL@pe=\count383
\UL@pixel=\dimen375
\ULC@box=\box91
Package: ulem 2019/11/18
\ULdepth=\dimen376
)
(/usr/local/texlive/2020/texmf-dist/tex/latex/jknapltx/mathrsfs.sty
Package: mathrsfs 1996/01/01 Math RSFS package v1.0 (jk)
\symrsfs=\mathgroup9
)
\Wrappedcontinuationbox=\box92
\Wrappedvisiblespacebox=\box93
Package hyperref Info: Option `breaklinks' set `true' on input line 469.
Package hyperref Info: Option `colorlinks' set `true' on input line 469.
)
Package hyperref Info: Option `colorlinks' set `false' on input line 133.
Package csquotes Info: Checking for multilingual support...
Package csquotes Info: ... none found.

(/usr/local/texlive/2020/texmf-dist/tex/latex/l3backend/l3backend-pdfmode.def
File: l3backend-pdfmode.def 2020-03-12 L3 backend support: PDF mode
\l__kernel_color_stack_int=\count384
\l__pdf_internal_box=\box94
)
(./tez.aux

LaTeX Warning: Label `lr_l1' multiply defined.

)
\openout1 = `tez.aux'.

LaTeX Font Info:    Checking defaults for OML/cmm/m/it on input line 134.
LaTeX Font Info:    ... okay on input line 134.
LaTeX Font Info:    Checking defaults for OMS/cmsy/m/n on input line 134.
LaTeX Font Info:    ... okay on input line 134.
LaTeX Font Info:    Checking defaults for OT1/cmr/m/n on input line 134.
LaTeX Font Info:    ... okay on input line 134.
LaTeX Font Info:    Checking defaults for T1/cmr/m/n on input line 134.
LaTeX Font Info:    ... okay on input line 134.
LaTeX Font Info:    Checking defaults for TS1/cmr/m/n on input line 134.
LaTeX Font Info:    ... okay on input line 134.
LaTeX Font Info:    Checking defaults for OMX/cmex/m/n on input line 134.
LaTeX Font Info:    ... okay on input line 134.
LaTeX Font Info:    Checking defaults for U/cmr/m/n on input line 134.
LaTeX Font Info:    ... okay on input line 134.
LaTeX Font Info:    Checking defaults for PD1/pdf/m/n on input line 134.
LaTeX Font Info:    ... okay on input line 134.
LaTeX Font Info:    Trying to load font information for T1+ptm on input line 13
4.
 (/usr/local/texlive/2020/texmf-dist/tex/latex/psnfss/t1ptm.fd
File: t1ptm.fd 2001/06/04 font definitions for T1/ptm.
)
Package caption Info: Begin \AtBeginDocument code.
Package caption Info: float package is loaded.
Package caption Info: hyperref package is loaded.
Package caption Info: listings package is loaded.
Package caption Info: longtable package is loaded.

(/usr/local/texlive/2020/texmf-dist/tex/latex/caption/ltcaption.sty
Package: ltcaption 2018/08/26 v1.4a longtable captions (AR)
)
Package caption Info: rotating package is loaded.
Package caption Info: subfigure package is loaded.
Package caption Info: wrapfig package is loaded.
Package caption Info: End \AtBeginDocument code.

ABD: EveryShipout initializing macros
(/usr/local/texlive/2020/texmf-dist/tex/context/base/mkii/supp-pdf.mkii
[Loading MPS to PDF converter (version 2006.09.02).]
\scratchcounter=\count385
\scratchdimen=\dimen377
\scratchbox=\box95
\nofMPsegments=\count386
\nofMParguments=\count387
\everyMPshowfont=\toks67
\MPscratchCnt=\count388
\MPscratchDim=\dimen378
\MPnumerator=\count389
\makeMPintoPDFobject=\count390
\everyMPtoPDFconversion=\toks68
) (/usr/local/texlive/2020/texmf-dist/tex/latex/epstopdf-pkg/epstopdf-base.sty
Package: epstopdf-base 2020-01-24 v2.11 Base part for package epstopdf
Package epstopdf-base Info: Redefining graphics rule for `.eps' on input line 4
85.

(/usr/local/texlive/2020/texmf-dist/tex/latex/latexconfig/epstopdf-sys.cfg
File: epstopdf-sys.cfg 2010/07/13 v1.3 Configuration of (r)epstopdf for TeX Liv
e
))
\c@lstlisting=\count391
\AtBeginShipoutBox=\box96
Package hyperref Info: Link coloring OFF on input line 134.

(/usr/local/texlive/2020/texmf-dist/tex/latex/hyperref/nameref.sty
Package: nameref 2019/09/16 v2.46 Cross-referencing by name of section

(/usr/local/texlive/2020/texmf-dist/tex/latex/refcount/refcount.sty
Package: refcount 2019/12/15 v3.6 Data extraction from label references (HO)
)
(/usr/local/texlive/2020/texmf-dist/tex/generic/gettitlestring/gettitlestring.s
ty
Package: gettitlestring 2019/12/15 v1.6 Cleanup title references (HO)
)
\c@section@level=\count392
)
LaTeX Info: Redefining \ref on input line 134.
LaTeX Info: Redefining \pageref on input line 134.
LaTeX Info: Redefining \nameref on input line 134.
 (./tez.out) (./tez.out)
\@outlinefile=\write9
\openout9 = `tez.out'.


*geometry* driver: auto-detecting
*geometry* detected driver: pdftex
*geometry* verbose mode - [ preamble ] result:
* driver: pdftex
* paper: <default>
* layout: <same size as paper>
* layoutoffset:(h,v)=(0.0pt,0.0pt)
* modes: twoside 
* h-part:(L,W,R)=(72.26999pt, 452.9679pt, 72.26999pt)
* v-part:(T,H,B)=(72.26999pt, 700.50687pt, 72.26999pt)
* \paperwidth=597.50787pt
* \paperheight=845.04684pt
* \textwidth=412.56496pt
* \textheight=705.62834pt
* \oddsidemargin=41.54103pt
* \evensidemargin=2.84526pt
* \topmargin=8.53581pt
* \headheight=0.0pt
* \headsep=0.0pt
* \topskip=0.0pt
* \footskip=24.0pt
* \marginparwidth=0.0pt
* \marginparsep=0.0pt
* \columnsep=10.0pt
* \skip\footins=10.8pt plus 4.0pt minus 2.0pt
* \hoffset=0.0pt
* \voffset=-11.38109pt
* \mag=1000
* \@twocolumnfalse
* \@twosidetrue
* \@mparswitchtrue
* \@reversemarginfalse
* (1in=72.27pt=25.4mm, 1cm=28.453pt)

(/usr/local/texlive/2020/texmf-dist/tex/latex/ucs/ucsencs.def
File: ucsencs.def 2011/01/21 Fixes to fontencodings LGR, T3
) [1
Non-PDF special ignored!
<special> header=pstricks.pro
Non-PDF special ignored!
<special> header=pst-algparser.pro
Non-PDF special ignored!
<special> header=pst-tools.pro
Non-PDF special ignored!
<special> header=pst-dots.pro
Non-PDF special ignored!
<special> header=pst-node.pro
Non-PDF special ignored!
<special> header=pst-3d.pro
Non-PDF special ignored!
<special> header=pst-math.pro
Non-PDF special ignored!
<special> header=pstricks-add.pro

Non-PDF special ignored!
<special> ps: /pssetRGBcolor /setrgbcolor load def /pssetCMYKcolor /setcmyk...
Non-PDF special ignored!
<special> ps:tx@Dict begin  gsave STV CP T /ps@rot 0 def grestore  end
Non-PDF special ignored!
<special> ps:tx@Dict begin  gsave STV CP T /ps@refangle 0.  def grestore  e...
Non-PDF special ignored!
<special> ps:tx@Dict begin  gsave STV CP T /ps@rot 0 def grestore  end

] [2

]
LaTeX Font Info:    Trying to load font information for OT1+ztmcm on input line
 134.
 (/usr/local/texlive/2020/texmf-dist/tex/latex/psnfss/ot1ztmcm.fd
File: ot1ztmcm.fd 2000/01/03 Fontinst v1.801 font definitions for OT1/ztmcm.
)
LaTeX Font Info:    Trying to load font information for OML+ztmcm on input line
 134.

(/usr/local/texlive/2020/texmf-dist/tex/latex/psnfss/omlztmcm.fd
File: omlztmcm.fd 2000/01/03 Fontinst v1.801 font definitions for OML/ztmcm.
)
LaTeX Font Info:    Trying to load font information for OMS+ztmcm on input line
 134.

(/usr/local/texlive/2020/texmf-dist/tex/latex/psnfss/omsztmcm.fd
File: omsztmcm.fd 2000/01/03 Fontinst v1.801 font definitions for OMS/ztmcm.
)
LaTeX Font Info:    Trying to load font information for OMX+ztmcm on input line
 134.

(/usr/local/texlive/2020/texmf-dist/tex/latex/psnfss/omxztmcm.fd
File: omxztmcm.fd 2000/01/03 Fontinst v1.801 font definitions for OMX/ztmcm.
)
LaTeX Font Info:    Trying to load font information for OT1+ptm on input line 1
34.

(/usr/local/texlive/2020/texmf-dist/tex/latex/psnfss/ot1ptm.fd
File: ot1ptm.fd 2001/06/04 font definitions for OT1/ptm.
)
LaTeX Font Info:    Font shape `OT1/ptm/bx/n' in size <12> not available
(Font)              Font shape `OT1/ptm/b/n' tried instead on input line 134.
LaTeX Font Info:    Font shape `OT1/ptm/bx/n' in size <9> not available
(Font)              Font shape `OT1/ptm/b/n' tried instead on input line 134.
LaTeX Font Info:    Font shape `OT1/ptm/bx/n' in size <7> not available
(Font)              Font shape `OT1/ptm/b/n' tried instead on input line 134.
LaTeX Font Info:    Trying to load font information for U+lasy on input line 13
4.

(/usr/local/texlive/2020/texmf-dist/tex/latex/base/ulasy.fd
File: ulasy.fd 1998/08/17 v2.2e LaTeX symbol font definitions
)
LaTeX Font Info:    Trying to load font information for U+rsfs on input line 13
4.

(/usr/local/texlive/2020/texmf-dist/tex/latex/jknapltx/ursfs.fd
File: ursfs.fd 1998/03/24 rsfs font definition file (jk)
)
Overfull \hbox (392.57016pt too wide) in paragraph at lines 134--134
 |  $[]$ 
 []


Overfull \hbox (94.93579pt too wide) in paragraph at lines 134--134
 []|  $[]$ 
 []

[3{/usr/local/texlive/2020/texmf-var/fonts/map/pdftex/updmap/pdftex.map}]
[4

]
Overfull \hbox (392.57016pt too wide) in paragraph at lines 134--134
 |  $[]$ 
 []


Overfull \hbox (94.93579pt too wide) in paragraph at lines 134--134
 []|  $[]$ 
 []

[5] [6

]
Overfull \hbox (422.80902pt too wide) in paragraph at lines 134--134
 |  $[]$ 
 []

[7] [8

] [5]

Package Fancyhdr Warning: \headheight is too small (0.0pt): 
Make it at least 14.49998pt.
We now make it that large for the rest of the document.
This may cause the page layout to be inconsistent, however.

[6

] [7] [8

]
Underfull \hbox (badness 10000) in paragraph at lines 134--134

 []

(./onsoz.tex) [9] [10

]
\th@oldparskip=\skip101
 (./tez.toc [11] [12])
\tf@toc=\write10
\openout10 = `tez.toc'.

 [13] [14

] (./kisaltmalar.tex)
[15] [16

] (./tez.lot
Underfull \hbox (badness 3219) in paragraph at lines 16--16
 [][] [][] \T1/ptm/b/n/12 : \T1/ptm/m/n/12 The con-fu-sion ma-trix of VGG19 mod
el re-sult with SGD 
 []


Underfull \hbox (badness 3460) in paragraph at lines 19--19
 [][] [][] \T1/ptm/b/n/12 : \T1/ptm/m/n/12 Con-fu-sion ma-tri-ces for KNN ex-pe
r-i-ments on de-mo-graphic 
 []


Underfull \hbox (badness 3168) in paragraph at lines 21--21
 [][] [][] \T1/ptm/b/n/12 : \T1/ptm/m/n/12 SVM al-go-rithm reg-u-lar-ized by Ri
dge hyper-parameters for 
 []


Underfull \hbox (badness 3354) in paragraph at lines 22--22
 [][] [][] \T1/ptm/b/n/12 : \T1/ptm/m/n/12 SVM al-go-rithm reg-u-lar-ized by La
sso hyper-parameters for 
 []


Underfull \hbox (badness 7151) in paragraph at lines 24--24
 [][] [][] \T1/ptm/b/n/12 : \T1/ptm/m/n/12 LR al-go-rithm reg-u-lar-ized by Rid
ge hyper-parameters for 
 []


Underfull \hbox (badness 7486) in paragraph at lines 25--25
 [][] [][] \T1/ptm/b/n/12 : \T1/ptm/m/n/12 LR al-go-rithm reg-u-lar-ized by Las
so hyper-parameters for 
 []


Underfull \hbox (badness 3907) in paragraph at lines 28--28
 [][] [][] \T1/ptm/b/n/12 : \T1/ptm/m/n/12 LDA al-go-rithm reg-u-lar-ized by La
sso hyper-parameters for 
 []

[17]
Underfull \hbox (badness 3168) in paragraph at lines 38--38
 [][] [][] \T1/ptm/b/n/12 : \T1/ptm/m/n/12 SVM al-go-rithm reg-u-lar-ized by Ri
dge hyper-parameters for 
 []


Underfull \hbox (badness 3354) in paragraph at lines 39--39
 [][] [][] \T1/ptm/b/n/12 : \T1/ptm/m/n/12 SVM al-go-rithm reg-u-lar-ized by La
sso hyper-parameters for 
 []


Underfull \hbox (badness 7151) in paragraph at lines 41--41
 [][] [][] \T1/ptm/b/n/12 : \T1/ptm/m/n/12 LR al-go-rithm reg-u-lar-ized by Rid
ge hyper-parameters for 
 []


Underfull \hbox (badness 7486) in paragraph at lines 42--42
 [][] [][] \T1/ptm/b/n/12 : \T1/ptm/m/n/12 LR al-go-rithm reg-u-lar-ized by Las
so hyper-parameters for 
 []


Underfull \hbox (badness 3907) in paragraph at lines 45--45
 [][] [][] \T1/ptm/b/n/12 : \T1/ptm/m/n/12 LDA al-go-rithm reg-u-lar-ized by La
sso hyper-parameters for 
 []

)
\tf@lot=\write11
\openout11 = `tez.lot'.

 [18] [19] [20

] (./tez.lof
Underfull \hbox (badness 1033) in paragraph at lines 17--17
 [][] [][] \T1/ptm/b/n/12 : \T1/ptm/m/n/12 (a) A stan-dard neu-ral net-work, (b
) A neu-ral net-work af-ter 
 []

LaTeX Font Info:    Trying to load font information for TS1+ptm on input line 2
1.
(/usr/local/texlive/2020/texmf-dist/tex/latex/psnfss/ts1ptm.fd
File: ts1ptm.fd 2001/06/04 font definitions for TS1/ptm.
)
Underfull \hbox (badness 1132) in paragraph at lines 26--26
 [][] [][] \T1/ptm/b/n/12 : \T1/ptm/m/n/12 (a) Clus-ter-ing Prob-lem, (b) Clas-
si-fi-ca-tion Prob-lem, and (c) 
 []


Underfull \hbox (badness 2111) in paragraph at lines 28--28
 [][] [][] \T1/ptm/b/n/12 : \T1/ptm/m/n/12 A Hyper-plane and its mar-gins for a
n SVM to a bi-nary 
 []

LaTeX Font Info:    Trying to load font information for T1+pcr on input line 46
.
(/usr/local/texlive/2020/texmf-dist/tex/latex/psnfss/t1pcr.fd
File: t1pcr.fd 2001/06/04 font definitions for T1/pcr.
) [21]
Underfull \hbox (badness 5189) in paragraph at lines 47--47
 [][] [][] \T1/ptm/b/n/12 : \T1/ptm/m/n/12 Mod-i-fied clas-si-fi-ca-tion blocks
 where bold red win-dowed 
 []


Underfull \hbox (badness 1052) in paragraph at lines 53--53
 [][] [][] \T1/ptm/b/n/12 : \T1/ptm/m/n/12 VGG16 model ac-cu-racy and loss curv
es for three dif-fer-ent 
 []


Underfull \hbox (badness 1052) in paragraph at lines 54--54
 [][] [][] \T1/ptm/b/n/12 : \T1/ptm/m/n/12 VGG19 model ac-cu-racy and loss curv
es for three dif-fer-ent 
 []

)
\tf@lof=\write12
\openout12 = `tez.lof'.

 [22]
Overfull \hbox (3.91537pt too wide) in paragraph at lines 134--134
 [] 
 []

(./summary.tex
Underfull \hbox (badness 5548) in paragraph at lines 1--2
\T1/ptm/m/n/12 Coronavirus dis-ease 2019 (COVID-19) is a con-ta-gious dis-ease 
caused by
 []

[23

]
Underfull \hbox (badness 1859) in paragraph at lines 9--10
[]\T1/ptm/m/n/12 The ma-chine learn-ing al-go-rithms we used are su-per-vised l
earn-ing al-go-rithms
 []


Underfull \hbox (badness 1210) in paragraph at lines 9--10
\T1/ptm/m/n/12 fea-ture ma-trix clearly con-sists of two fea-ture columns such 
that age and sex
 []

[24]
Underfull \hbox (badness 1014) in paragraph at lines 15--16
\T1/ptm/m/n/12 we an-tic-i-pate an im-prove-ment with this im-age and non-image
 data com-bin-ing
 []

) [25] [26

]
Overfull \hbox (33.79483pt too wide) in paragraph at lines 134--134
 [] 
 []

(./ozet.tex
Underfull \hbox (badness 2790) in paragraph at lines 5--6
[]\T1/ptm/m/n/12 Odakland^^Y^^Ym^^Yz sorun, COVID-19 hasta-lar^^Y ve dier in-
san-lar aras^^Yn-daki ik-ili
 []


Underfull \hbox (badness 1077) in paragraph at lines 7--8
\T1/ptm/m/n/12 n-eitimli ESA mod-el-leri, resmi olarak Im-a-geNet veri kmesi
 z-erinde daha
 []

[27]
Underfull \hbox (badness 1377) in paragraph at lines 11--12
[]\T1/ptm/m/n/12 ESA ve M iin tm deneyler, M iin veri n ileme ve hiper p
arame-tre
 []


Underfull \hbox (badness 1789) in paragraph at lines 11--12
\T1/ptm/m/n/12 pro-gram-lama dilinde, kk bir k^^Ysm^^Y ise R pro-gram-lama d
ilinde yaz^^Ylm^^Yt^^Yr.
 []


Underfull \hbox (badness 1142) in paragraph at lines 11--12
\T1/ptm/m/n/12 gerek-letirdik. Deney-ler-imiz s^^Yras^^Ynda kul-lan-abile-ce
imiz GPU ieren fizik-sel
 []


Underfull \hbox (badness 1048) in paragraph at lines 11--12
\T1/ptm/m/n/12 *.pth dosyalar^^Yn^^Y top-land^^Yk-tan sonra, M deney-leri loka
l olarak CPU z-erinde
 []


Underfull \hbox (badness 1924) in paragraph at lines 13--14
[]\T1/ptm/m/n/12 Blm 6'da per-for-mans lm tekniklerini ESA ve M sre-ler
i iin deney
 []

[28])
Underfull \hbox (badness 1755) in paragraph at lines 17--134
\T1/ptm/m/n/12 renme ak-tar^^Ym^^Y, De-rin znite-lik ^^Ykarma, De-rin znit
e-lik ak-tar^^Ym^^Y, Makine
 []

[29] [30

] (./ch1.texpdfTeX warning (ext4): destination with the same identifier (name{p
age.1}) has been already used, duplicate ignored
<to be read again> 
                   \relax 
l.11 
      [1

]pdfTeX warning (ext4): destination with the same identifier (name{page.2}) has
 been already used, duplicate ignored
<to be read again> 
                   \relax 
l.20 F
      or this purpose, chest X-Ray images shared on GitHub platform were use...
[2]pdfTeX warning (ext4): destination with the same identifier (name{page.3}) h
as been already used, duplicate ignored
<to be read again> 
                   \relax 
l.30 Y
      . Pathak et al. \cite{literature_Pathak} used a deep transfer learning...
[3]pdfTeX warning (ext4): destination with the same identifier (name{page.4}) h
as been already used, duplicate ignored
<to be read again> 
                   \relax 
l.39 
      [4]pdfTeX warning (ext4): destination with the same identifier (name{page
.5}) has been already used, duplicate ignored
<to be read again> 
                   \relax 
l.44 \begin{landscape}
                       [5]

LaTeX Warning: No positions in optional float specifier.
               Default added (so using `tbp') on input line 45.


Overfull \hbox (11.22064pt too wide) in paragraph at lines 49--61
 [][] 
 []

pdfTeX warning (ext4): destination with the same identifier (name{page.6}) has 
been already used, duplicate ignored
<to be read again> 
                   \relax 
l.62 \end{landscape}
                     [6]) (./ch2.texpdfTeX warning (ext4): destination with the
 same identifier (name{page.7}) has been already used, duplicate ignored
<to be read again> 
                   \relax 
l.2 \chapter{CHEST X-RAY}
                         \label{ch:CH2} [7


]pdfTeX warning (ext4): destination with the same identifier (name{page.8}) has
 been already used, duplicate ignored
<to be read again> 
                   \relax 
l.2 \chapter{CHEST X-RAY}
                         \label{ch:CH2} [8

]
<./fig/first_medical_xray.png, id=962, 297.11pt x 434.62375pt>
File: ./fig/first_medical_xray.png Graphic file (type png)
<use ./fig/first_medical_xray.png>
Package pdftex.def Info: ./fig/first_medical_xray.png  used on input line 13.
(pdftex.def)             Requested size: 297.10927pt x 434.62268pt.
 [9 <./fig/first_medical_xray.png>]
<fig/chest_xray_PA.jpeg, id=972, 1108.14pt x 877.2775pt>
File: fig/chest_xray_PA.jpeg Graphic file (type jpg)
<use fig/chest_xray_PA.jpeg>
Package pdftex.def Info: fig/chest_xray_PA.jpeg  used on input line 25.
(pdftex.def)             Requested size: 1108.1373pt x 877.27536pt.
<fig/chest_xray_AP.jpg, id=973, 1174.3875pt x 1165.35374pt>
File: fig/chest_xray_AP.jpg Graphic file (type jpg)
<use fig/chest_xray_AP.jpg>
Package pdftex.def Info: fig/chest_xray_AP.jpg  used on input line 26.
(pdftex.def)             Requested size: 1174.38464pt x 1165.3509pt.
<fig/chest_xray_AP_Supine.jpg, id=974, 1877.51437pt x 1541.76pt>
File: fig/chest_xray_AP_Supine.jpg Graphic file (type jpg)
<use fig/chest_xray_AP_Supine.jpg>
Package pdftex.def Info: fig/chest_xray_AP_Supine.jpg  used on input line 27.
(pdftex.def)             Requested size: 1877.5098pt x 1541.75624pt.
<fig/chest_xray_L.jpeg, id=975, 1027.84pt x 1027.84pt>
File: fig/chest_xray_L.jpeg Graphic file (type jpg)
<use fig/chest_xray_L.jpeg>
Package pdftex.def Info: fig/chest_xray_L.jpeg  used on input line 28.
(pdftex.def)             Requested size: 1027.8375pt x 1027.8375pt.
LaTeX Font Info:    Font shape `OT1/ptm/bx/n' in size <10> not available
(Font)              Font shape `OT1/ptm/b/n' tried instead on input line 32.
LaTeX Font Info:    Font shape `OT1/ptm/bx/n' in size <7.4> not available
(Font)              Font shape `OT1/ptm/b/n' tried instead on input line 32.
LaTeX Font Info:    Font shape `OT1/ptm/bx/n' in size <6> not available
(Font)              Font shape `OT1/ptm/b/n' tried instead on input line 32.
) (./ch3.tex [10 <./fig/chest_xray_PA.jpeg> <./fig/chest_xray_AP.jpg> <./fig/ch
est_xray_AP_Supine.jpg> <./fig/chest_xray_L.jpeg>]
<fig/NNs_2_variables.png, id=991, 1927.2pt x 1084.05pt>
File: fig/NNs_2_variables.png Graphic file (type png)
<use fig/NNs_2_variables.png>
Package pdftex.def Info: fig/NNs_2_variables.png  used on input line 9.
(pdftex.def)             Requested size: 1927.19533pt x 1084.04736pt.
<fig/NNs_formula_two_variables.png, id=992, 1927.2pt x 474.77374pt>
File: fig/NNs_formula_two_variables.png Graphic file (type png)
<use fig/NNs_formula_two_variables.png>
Package pdftex.def Info: fig/NNs_formula_two_variables.png  used on input line 
10.
(pdftex.def)             Requested size: 1927.19533pt x 474.77258pt.
 [11

 <./fig/NNs_2_variables.png (PNG copy)> <./fig/NNs_formula_two_variables.png (P
NG copy)>] [12]
Underfull \hbox (badness 2103) in paragraph at lines 39--40
[]\T1/ptm/b/n/12 Underfitting and Over-fit-ting\T1/ptm/m/n/12 : A learn-ing al-
go-rithm is ap-peared to have
 []

<fig/underfitting_overfitting.png, id=1011, 289.08pt x 118.5228pt>
File: fig/underfitting_overfitting.png Graphic file (type png)
<use fig/underfitting_overfitting.png>
Package pdftex.def Info: fig/underfitting_overfitting.png  used on input line 4
3.
(pdftex.def)             Requested size: 289.07928pt x 118.52249pt.
[13 <./fig/underfitting_overfitting.png>]
Underfull \hbox (badness 3769) in paragraph at lines 79--79
\T1/ptm/b/n/12 3.3.1 Stochas-tic Gra-di-ent De-scent with Mo-men-tum (SGD) Op-t
i-miza-tion
 []

<fig/sgd_momentum.png, id=1029, 540.0175pt x 229.85875pt>
File: fig/sgd_momentum.png Graphic file (type png)
<use fig/sgd_momentum.png>
Package pdftex.def Info: fig/sgd_momentum.png  used on input line 85.
(pdftex.def)             Requested size: 540.01617pt x 229.85817pt.
[14 <./fig/sgd_momentum.png>]
<fig/adam_n_adamw.png, id=1041, 549.05125pt x 283.0575pt>
File: fig/adam_n_adamw.png Graphic file (type png)
<use fig/adam_n_adamw.png>
Package pdftex.def Info: fig/adam_n_adamw.png  used on input line 100.
(pdftex.def)             Requested size: 549.04991pt x 283.0568pt.
 [15 <./fig/adam_n_adamw.png>]
<fig/gradient_example.png, id=1052, 790.955pt x 621.32124pt>
File: fig/gradient_example.png Graphic file (type png)
<use fig/gradient_example.png>
Package pdftex.def Info: fig/gradient_example.png  used on input line 116.
(pdftex.def)             Requested size: 790.95308pt x 621.31973pt.
<fig/basic_cnn_sample.png, id=1053, 817.0525pt x 473.77pt>
File: fig/basic_cnn_sample.png Graphic file (type png)
<use fig/basic_cnn_sample.png>
Package pdftex.def Info: fig/basic_cnn_sample.png  used on input line 126.
(pdftex.def)             Requested size: 817.05052pt x 473.76884pt.
 [16 <./fig/gradient_example.png> <./fig/basic_cnn_sample.png>]
<fig/conv_layer.png, id=1067, 1096.095pt x 1113.15875pt>
File: fig/conv_layer.png Graphic file (type png)
<use fig/conv_layer.png>
Package pdftex.def Info: fig/conv_layer.png  used on input line 145.
(pdftex.def)             Requested size: 1096.09233pt x 1113.15605pt.


LaTeX Warning: `h' float specifier changed to `ht'.

[17] [18 <./fig/conv_layer.png>]
<fig/MaxpoolSample.png, id=1087, 164.25pt x 68.547pt>
File: fig/MaxpoolSample.png Graphic file (type png)
<use fig/MaxpoolSample.png>
Package pdftex.def Info: fig/MaxpoolSample.png  used on input line 193.
(pdftex.def)             Requested size: 164.24959pt x 68.54681pt.
 [19 <./fig/MaxpoolSample.png>]
Underfull \hbox (badness 1127) in paragraph at lines 201--202
[]\T1/ptm/m/n/12 Batch nor-mal-iza-tion is a tech-nique for train-ing the deep 
neu-ral net-works that
 []

<fig/dropout.png, id=1103, 437.635pt x 243.91125pt>
File: fig/dropout.png Graphic file (type png)
<use fig/dropout.png>
Package pdftex.def Info: fig/dropout.png  used on input line 209.
(pdftex.def)             Requested size: 437.63393pt x 243.91064pt.
<fig/fully_connected_layer.png, id=1106, 417.2388pt x 189.8292pt>
File: fig/fully_connected_layer.png Graphic file (type png)
<use fig/fully_connected_layer.png>
Package pdftex.def Info: fig/fully_connected_layer.png  used on input line 224.

(pdftex.def)             Requested size: 417.23778pt x 189.82872pt.

LaTeX Warning: `h' float specifier changed to `ht'.

[20 <./fig/dropout.png>] [21 <./fig/fully_connected_layer.png>]
<fig/pretrain_strategies.png, id=1126, 3008.23875pt x 1692.3225pt>
File: fig/pretrain_strategies.png Graphic file (type png)
<use fig/pretrain_strategies.png>
Package pdftex.def Info: fig/pretrain_strategies.png  used on input line 241.
(pdftex.def)             Requested size: 3008.23145pt x 1692.31837pt.
<fig/deepfeauter_usage.png, id=1131, 424.58624pt x 563.10374pt>
File: fig/deepfeauter_usage.png Graphic file (type png)
<use fig/deepfeauter_usage.png>
Package pdftex.def Info: fig/deepfeauter_usage.png  used on input line 252.
(pdftex.def)             Requested size: 424.5852pt x 563.10237pt.


LaTeX Warning: `h' float specifier changed to `ht'.

[22 <./fig/pretrain_strategies.png (PNG copy)>]
<fig/alexnet_arch.png, id=1144, 541.02126pt x 184.69pt>
File: fig/alexnet_arch.png Graphic file (type png)
<use fig/alexnet_arch.png>
Package pdftex.def Info: fig/alexnet_arch.png  used on input line 269.
(pdftex.def)             Requested size: 541.01993pt x 184.68953pt.


LaTeX Warning: `h' float specifier changed to `ht'.

<fig/residual_block.png, id=1149, 479.7925pt x 259.97125pt>
File: fig/residual_block.png Graphic file (type png)
<use fig/residual_block.png>
Package pdftex.def Info: fig/residual_block.png  used on input line 280.
(pdftex.def)             Requested size: 479.7913pt x 259.97061pt.
[23 <./fig/deepfeauter_usage.png>]
<fig/resnet_archs.png, id=1159, 470.75874pt x 214.8025pt>
File: fig/resnet_archs.png Graphic file (type png)
<use fig/resnet_archs.png>
Package pdftex.def Info: fig/resnet_archs.png  used on input line 288.
(pdftex.def)             Requested size: 470.7576pt x 214.80197pt.


LaTeX Warning: `h' float specifier changed to `ht'.

[24 <./fig/alexnet_arch.png> <./fig/residual_block.png>]
<fig/vgg16_vgg19_archs.png, id=1171, 510.90875pt x 689.57625pt>
File: fig/vgg16_vgg19_archs.png Graphic file (type png)
<use fig/vgg16_vgg19_archs.png>
Package pdftex.def Info: fig/vgg16_vgg19_archs.png  used on input line 312.
(pdftex.def)             Requested size: 510.9075pt x 689.57455pt.


LaTeX Warning: `h' float specifier changed to `ht'.

[25 <./fig/resnet_archs.png>]) (./ch4.tex [26 <./fig/vgg16_vgg19_archs.png>]
Underfull \hbox (badness 2922) in paragraph at lines 5--6
\T1/ptm/m/n/12 In this chap-ter, we start with the ba-sics of ma-chine learn-in
g. Then we
 []

<fig/basic_ml.png, id=1188, 804.00375pt x 151.56625pt>
File: fig/basic_ml.png Graphic file (type png)
<use fig/basic_ml.png>
Package pdftex.def Info: fig/basic_ml.png  used on input line 9.
(pdftex.def)             Requested size: 804.0018pt x 151.56587pt.
<fig/clustering_classification_regression.png, id=1189, 403.5075pt x 323.2075pt
>
File: fig/clustering_classification_regression.png Graphic file (type png)
<use fig/clustering_classification_regression.png>
Package pdftex.def Info: fig/clustering_classification_regression.png  used on 
input line 31.
(pdftex.def)             Requested size: 403.50652pt x 323.20671pt.

LaTeX Warning: `h' float specifier changed to `ht'.

[27

 <./fig/basic_ml.png>]
<fig/k_fold_cv.png, id=1198, 1927.2pt x 950.55125pt>
File: fig/k_fold_cv.png Graphic file (type png)
<use fig/k_fold_cv.png>
Package pdftex.def Info: fig/k_fold_cv.png  used on input line 52.
(pdftex.def)             Requested size: 1927.19533pt x 950.54893pt.
 [28 <./fig/clustering_classification_regression.png>] [29 <./fig/k_fold_cv.png
>]
Underfull \hbox (badness 1694) in paragraph at lines 89--90
[]\T1/ptm/m/n/12 L1 reg-u-lar-iza-tion term, which is known as LASSO, only pe-n
al-izes the high
 []

[30] [31]
<fig/SVM_margin_binary.png, id=1237, 389.35463pt x 378.33345pt>
File: fig/SVM_margin_binary.png Graphic file (type png)
<use fig/SVM_margin_binary.png>
Package pdftex.def Info: fig/SVM_margin_binary.png  used on input line 139.
(pdftex.def)             Requested size: 389.35368pt x 378.33252pt.
 [32 <./fig/SVM_margin_binary.png>] [33] [34]
<fig/logistic_function.png, id=1278, 349.305pt x 261.97874pt>
File: fig/logistic_function.png Graphic file (type png)
<use fig/logistic_function.png>
Package pdftex.def Info: fig/logistic_function.png  used on input line 305.
(pdftex.def)             Requested size: 349.30414pt x 261.9781pt.


LaTeX Warning: `h' float specifier changed to `ht'.

[35] [36 <./fig/logistic_function.png>] [37]
<fig/knn_example.png, id=1315, 614.295pt x 382.42876pt>
File: fig/knn_example.png Graphic file (type png)
<use fig/knn_example.png>
Package pdftex.def Info: fig/knn_example.png  used on input line 430.
(pdftex.def)             Requested size: 614.29349pt x 382.42781pt.


LaTeX Warning: `h' float specifier changed to `ht'.

[38] [39 <./fig/knn_example.png (PNG copy)>] [40]
Overfull \hbox (24.11517pt too wide) detected at line 515
[]
 []

<fig/lda.png, id=1356, 417.56pt x 629.35126pt>
File: fig/lda.png Graphic file (type png)
<use fig/lda.png>
Package pdftex.def Info: fig/lda.png  used on input line 542.
(pdftex.def)             Requested size: 417.55896pt x 629.34972pt.

LaTeX Warning: `h' float specifier changed to `ht'.

[41] [42 <./fig/lda.png>]) (./ch5.tex [43] [44

]
<fig/train_covid_data.jpg, id=1397, 599.99156pt x 618.05907pt>
File: fig/train_covid_data.jpg Graphic file (type jpg)
<use fig/train_covid_data.jpg>
Package pdftex.def Info: fig/train_covid_data.jpg  used on input line 17.
(pdftex.def)             Requested size: 599.9901pt x 618.05756pt.
<fig/test_non_covid_data.jpg, id=1398, 289.08pt x 289.08pt>
File: fig/test_non_covid_data.jpg Graphic file (type jpg)
<use fig/test_non_covid_data.jpg>
Package pdftex.def Info: fig/test_non_covid_data.jpg  used on input line 18.
(pdftex.def)             Requested size: 289.07928pt x 289.07928pt.


LaTeX Warning: `h' float specifier changed to `ht'.

[45]
<fig/test_covid_data.jpg, id=1404, 621.82312pt x 578.16pt>
File: fig/test_covid_data.jpg Graphic file (type jpg)
<use fig/test_covid_data.jpg>
Package pdftex.def Info: fig/test_covid_data.jpg  used on input line 27.
(pdftex.def)             Requested size: 621.8216pt x 578.15858pt.
<fig/test_covid_data_cropped.png, id=1405, 370.38374pt x 369.38pt>
File: fig/test_covid_data_cropped.png Graphic file (type png)
<use fig/test_covid_data_cropped.png>
Package pdftex.def Info: fig/test_covid_data_cropped.png  used on input line 28
.
(pdftex.def)             Requested size: 370.38283pt x 369.37909pt.

Underfull \hbox (badness 10000) in paragraph at lines 28--28
[]\T1/ptm/m/n/10 (b) Re-sized, Square
 []

<fig/test_covid_data_cropped_normalized.png, id=1406, 370.38374pt x 369.38pt>
File: fig/test_covid_data_cropped_normalized.png Graphic file (type png)
<use fig/test_covid_data_cropped_normalized.png>
Package pdftex.def Info: fig/test_covid_data_cropped_normalized.png  used on in
put line 29.
(pdftex.def)             Requested size: 370.38283pt x 369.37909pt.
[46 <./fig/train_covid_data.jpg> <./fig/test_non_covid_data.jpg> <./fig/test_co
vid_data.jpg> <./fig/test_covid_data_cropped.png> <./fig/test_covid_data_croppe
d_normalized.png>]
Overfull \hbox (46.0921pt too wide) in paragraph at lines 51--62
 [] 
 []

<fig/train_non_covid_data.jpg, id=1421, 522.45187pt x 578.16pt>
File: fig/train_non_covid_data.jpg Graphic file (type jpg)
<use fig/train_non_covid_data.jpg>
Package pdftex.def Info: fig/train_non_covid_data.jpg  used on input line 69.
(pdftex.def)             Requested size: 522.45059pt x 578.15858pt.

Underfull \hbox (badness 1565) in paragraph at lines 69--69
[]\T1/ptm/m/n/10 (a) Orig-i-nal Sam-ple - Train
 []

<fig/horizontalFlipped_train_non_covid_train_data.jpg, id=1422, 696.6025pt x 77
0.88pt>
File: fig/horizontalFlipped_train_non_covid_train_data.jpg Graphic file (type j
pg)
<use fig/horizontalFlipped_train_non_covid_train_data.jpg>
Package pdftex.def Info: fig/horizontalFlipped_train_non_covid_train_data.jpg  
used on input line 70.
(pdftex.def)             Requested size: 696.6008pt x 770.87813pt.
<fig/verticalFlipped_train_non_covid_train_data.jpg, id=1423, 696.6025pt x 770.
88pt>
File: fig/verticalFlipped_train_non_covid_train_data.jpg Graphic file (type jpg
)
<use fig/verticalFlipped_train_non_covid_train_data.jpg>
Package pdftex.def Info: fig/verticalFlipped_train_non_covid_train_data.jpg  us
ed on input line 71.
(pdftex.def)             Requested size: 696.6008pt x 770.87813pt.
<fig/90Rotated_train_non_covid_train_data.jpg, id=1424, 770.88pt x 696.6025pt>
File: fig/90Rotated_train_non_covid_train_data.jpg Graphic file (type jpg)
<use fig/90Rotated_train_non_covid_train_data.jpg>
Package pdftex.def Info: fig/90Rotated_train_non_covid_train_data.jpg  used on 
input line 72.
(pdftex.def)             Requested size: 770.87813pt x 696.6008pt.
<fig/180Rotated_train_non_covid_train_data.jpg, id=1425, 696.6025pt x 770.88pt>

File: fig/180Rotated_train_non_covid_train_data.jpg Graphic file (type jpg)
<use fig/180Rotated_train_non_covid_train_data.jpg>
Package pdftex.def Info: fig/180Rotated_train_non_covid_train_data.jpg  used on
 input line 73.
(pdftex.def)             Requested size: 696.6008pt x 770.87813pt.
<fig/270Rotated_train_non_covid_train_data.jpg, id=1426, 770.88pt x 696.6025pt>

File: fig/270Rotated_train_non_covid_train_data.jpg Graphic file (type jpg)
<use fig/270Rotated_train_non_covid_train_data.jpg>
Package pdftex.def Info: fig/270Rotated_train_non_covid_train_data.jpg  used on
 input line 74.
(pdftex.def)             Requested size: 770.87813pt x 696.6008pt.

LaTeX Warning: `h' float specifier changed to `ht'.


Underfull \hbox (badness 1577) in paragraph at lines 81--82
[]\T1/ptm/m/n/12 All CNN ex-per-i-ments was made on pre-trained CNN mod-els. Th
at is, the
 []

[47] [48 <./fig/train_non_covid_data.jpg> <./fig/horizontalFlipped_train_non_co
vid_train_data.jpg> <./fig/verticalFlipped_train_non_covid_train_data.jpg> <./f
ig/90Rotated_train_non_covid_train_data.jpg> <./fig/180Rotated_train_non_covid_
train_data.jpg> <./fig/270Rotated_train_non_covid_train_data.jpg>] [49]
[50]
<fig/resnet50_visualization.png, id=1458, 2084.78876pt x 991.705pt>
File: fig/resnet50_visualization.png Graphic file (type png)
<use fig/resnet50_visualization.png>
Package pdftex.def Info: fig/resnet50_visualization.png  used on input line 120
.
(pdftex.def)             Requested size: 2084.78369pt x 991.70259pt.


LaTeX Warning: `h' float specifier changed to `ht'.

[51 <./fig/resnet50_visualization.png>]
<fig/modified_classification_blocks.png, id=1472, 454.69875pt x 322.20375pt>
File: fig/modified_classification_blocks.png Graphic file (type png)
<use fig/modified_classification_blocks.png>
Package pdftex.def Info: fig/modified_classification_blocks.png  used on input 
line 145.
(pdftex.def)             Requested size: 454.69763pt x 322.20296pt.
 [52


 <./fig/modified_classification_blocks.png>]
<fig/feature_maps.png, id=1480, 545.03625pt x 236.885pt>
File: fig/feature_maps.png Graphic file (type png)
<use fig/feature_maps.png>
Package pdftex.def Info: fig/feature_maps.png  used on input line 161.
(pdftex.def)             Requested size: 545.03493pt x 236.88441pt.
 [53 <./fig/feature_maps.png>] [54] [55]
Overfull \hbox (25.04779pt too wide) in paragraph at lines 247--252
 [][] 
 []


LaTeX Warning: `h' float specifier changed to `ht'.

) (./ch6.tex [56] [57] [58

]
Overfull \vbox (14.49998pt too high) detected at line 25
 []

[59] [60]
<fig/alexnet.png, id=1534, 722.19812pt x 715.17188pt>
File: fig/alexnet.png Graphic file (type png)
<use fig/alexnet.png>
Package pdftex.def Info: fig/alexnet.png  used on input line 109.
(pdftex.def)             Requested size: 722.19635pt x 715.17012pt.


LaTeX Warning: `!h' float specifier changed to `!ht'.

<fig/resnet18.png, id=1535, 712.16063pt x 714.67pt>
File: fig/resnet18.png Graphic file (type png)
<use fig/resnet18.png>
Package pdftex.def Info: fig/resnet18.png  used on input line 117.
(pdftex.def)             Requested size: 712.15889pt x 714.66824pt.

LaTeX Warning: `!h' float specifier changed to `!ht'.

<fig/resnet34.png, id=1536, 711.15688pt x 713.66624pt>
File: fig/resnet34.png Graphic file (type png)
<use fig/resnet34.png>
Package pdftex.def Info: fig/resnet34.png  used on input line 125.
(pdftex.def)             Requested size: 711.15514pt x 713.66449pt.

LaTeX Warning: `!h' float specifier changed to `!ht'.

<fig/resnet50.png, id=1537, 711.65875pt x 712.16063pt>
File: fig/resnet50.png Graphic file (type png)
<use fig/resnet50.png>
Package pdftex.def Info: fig/resnet50.png  used on input line 133.
(pdftex.def)             Requested size: 711.65701pt x 712.15889pt.

LaTeX Warning: `!h' float specifier changed to `!ht'.

<fig/vgg16.png, id=1538, 713.66624pt x 711.65875pt>
File: fig/vgg16.png Graphic file (type png)
<use fig/vgg16.png>
Package pdftex.def Info: fig/vgg16.png  used on input line 141.
(pdftex.def)             Requested size: 713.66449pt x 711.65701pt.

LaTeX Warning: `!h' float specifier changed to `!ht'.

<fig/vgg19.png, id=1539, 713.16437pt x 712.16063pt>
File: fig/vgg19.png Graphic file (type png)
<use fig/vgg19.png>
Package pdftex.def Info: fig/vgg19.png  used on input line 149.
(pdftex.def)             Requested size: 713.16263pt x 712.15889pt.

LaTeX Warning: `!h' float specifier changed to `!ht'.

[61] [62 <./fig/alexnet.png>] [63 <./fig/resnet18.png>] [64 <./fig/resnet34.png
>] [65 <./fig/resnet50.png>] [66 <./fig/vgg16.png>] [67 <./fig/vgg19.png>]
Overfull \hbox (65.15744pt too wide) in paragraph at lines 163--186
 [][] 
 []


LaTeX Warning: Float too large for page by 54.67043pt on input line 186.


LaTeX Warning: `!h' float specifier changed to `!ht'.

[68] [69


]

Package hyperref Warning: Token not allowed in a PDF string (PDFDocEncoding):
(hyperref)                removing `math shift' on input line 287.


Package hyperref Warning: Token not allowed in a PDF string (PDFDocEncoding):
(hyperref)                removing `subscript' on input line 287.


Package hyperref Warning: Token not allowed in a PDF string (PDFDocEncoding):
(hyperref)                removing `math shift' on input line 287.


LaTeX Warning: `!h' float specifier changed to `!ht'.


Package hyperref Warning: Token not allowed in a PDF string (PDFDocEncoding):
(hyperref)                removing `math shift' on input line 343.


Package hyperref Warning: Token not allowed in a PDF string (PDFDocEncoding):
(hyperref)                removing `subscript' on input line 343.


Package hyperref Warning: Token not allowed in a PDF string (PDFDocEncoding):
(hyperref)                removing `math shift' on input line 343.

[70] [71]

LaTeX Warning: No positions in optional float specifier.
               Default added (so using `tbp') on input line 351.


Overfull \hbox (37.0186pt too wide) in paragraph at lines 355--370
 [][] 
 []

[72]

LaTeX Warning: `!h' float specifier changed to `!ht'.


LaTeX Warning: `!h' float specifier changed to `!ht'.

[73


] [74]
Overfull \hbox (37.00916pt too wide) in paragraph at lines 469--479
 [][] 
 []


Overfull \hbox (37.00916pt too wide) in paragraph at lines 488--498
 [][] 
 []


Overfull \hbox (37.00916pt too wide) in paragraph at lines 507--517
 [][] 
 []


Overfull \hbox (37.00916pt too wide) in paragraph at lines 526--536
 [][] 
 []


LaTeX Warning: `!h' float specifier changed to `!ht'.


Overfull \hbox (37.00916pt too wide) in paragraph at lines 545--555
 [][] 
 []


LaTeX Warning: `!h' float specifier changed to `!ht'.


Overfull \hbox (37.00916pt too wide) in paragraph at lines 564--574
 [][] 
 []


LaTeX Warning: `!h' float specifier changed to `!ht'.


Overfull \hbox (37.00916pt too wide) in paragraph at lines 583--593
 [][] 
 []


LaTeX Warning: `!h' float specifier changed to `!ht'.


Overfull \hbox (37.00916pt too wide) in paragraph at lines 602--612
 [][] 
 []


LaTeX Warning: `!h' float specifier changed to `!ht'.

[75

]

LaTeX Warning: Text page 76 contains only floats.

[76] [77]

Package hyperref Warning: Token not allowed in a PDF string (PDFDocEncoding):
(hyperref)                removing `math shift' on input line 616.


Package hyperref Warning: Token not allowed in a PDF string (PDFDocEncoding):
(hyperref)                removing `subscript' on input line 616.


Package hyperref Warning: Token not allowed in a PDF string (PDFDocEncoding):
(hyperref)                removing `math shift' on input line 616.

[78

]

LaTeX Warning: No positions in optional float specifier.
               Default added (so using `tbp') on input line 625.


Overfull \hbox (37.0186pt too wide) in paragraph at lines 629--644
 [][] 
 []

[79]

LaTeX Warning: `!h' float specifier changed to `!ht'.


LaTeX Warning: `!h' float specifier changed to `!ht'.

[80


] [81]
Overfull \hbox (37.00916pt too wide) in paragraph at lines 743--753
 [][] 
 []


Overfull \hbox (37.00916pt too wide) in paragraph at lines 762--772
 [][] 
 []


Overfull \hbox (37.00916pt too wide) in paragraph at lines 781--791
 [][] 
 []


Overfull \hbox (37.00916pt too wide) in paragraph at lines 800--810
 [][] 
 []


LaTeX Warning: `!h' float specifier changed to `!ht'.


Overfull \hbox (37.00916pt too wide) in paragraph at lines 819--829
 [][] 
 []


LaTeX Warning: `!h' float specifier changed to `!ht'.


Overfull \hbox (37.00916pt too wide) in paragraph at lines 838--848
 [][] 
 []


LaTeX Warning: `!h' float specifier changed to `!ht'.


Overfull \hbox (37.00916pt too wide) in paragraph at lines 857--867
 [][] 
 []


LaTeX Warning: `!h' float specifier changed to `!ht'.


Overfull \hbox (37.00916pt too wide) in paragraph at lines 876--886
 [][] 
 []


LaTeX Warning: `!h' float specifier changed to `!ht'.

[82

]

LaTeX Warning: Text page 83 contains only floats.

[83] [84]
Underfull \hbox (badness 2772) in paragraph at lines 893--894
[]\T1/ptm/m/n/12 demographic in-for-ma-tion sup-port only boosts the per-for-ma
nce on lo-gis-tic
 []


Underfull \hbox (badness 1215) in paragraph at lines 894--895
[]\T1/ptm/m/n/12 penalty ap-proach only in-creases the suc-cess on lin-ear dis-
crim-i-nant anal-y-sis
 []

) (./ch7.tex [85

] [86

]
Underfull \hbox (badness 1571) in paragraph at lines 7--8
\T1/ptm/m/n/12 hyper-parameters from these ex-per-i-ments is that to find the m
ost gen-er-al-ized
 []

[87]
Underfull \hbox (badness 2318) in paragraph at lines 22--23
[]\T1/ptm/m/n/12 the best re-sult ob-tained from the com-bined fea-tures of de-
mo-graphic
 []

[88] [89]) (./tez.bbl [90] [91

] [92]
Underfull \hbox (badness 10000) in paragraph at lines 142--144
[]\T1/ptm/b/n/12 Graetz, F.M. and Mat-ters, W.A.\T1/ptm/m/n/12 , (2018), Why Ad
amW mat-ters,
 []


Underfull \hbox (badness 1226) in paragraph at lines 213--218
[]\T1/ptm/b/n/12 Fix, E. and Hodges, J.L. \T1/ptm/m/n/12 (1989). Dis-crim-i-na-
tory Anal-y-sis. Non-para-met-ric
 []

[93]
Underfull \hbox (badness 1168) in paragraph at lines 240--244
[]\T1/ptm/b/n/12 Pan, Y.\T1/ptm/m/n/12 , \T1/ptm/b/n/12 Mai, Q. and Zhang, X. \
T1/ptm/m/n/12 (2021). TULIP: A Tool-box for Lin-ear
 []


Underfull \hbox (badness 1454) in paragraph at lines 262--265
[]\T1/ptm/b/n/12 Dar^^Yc^^Y, M.B.\T1/ptm/m/n/12 , (2020), Gs kafesi rnt-gen
 grn-t-lerinde de-rin renme
 []

) [94] (./eklerkapak.tex
Underfull \hbox (badness 10000) in paragraph at lines 3--5

 []

[95

]) (./ekler.tex [96]pdfTeX warning (ext4): destination with the same identifier
 (name{chapter.1}) has been already used, duplicate ignored
<to be read again> 
                   \relax 
l.2 \chapter{APPENDIX A.1 ReadMe File}
                                       (./ReadMe.tex

Package hyperref Warning: The anchor of a bookmark and its parent's must not
(hyperref)                be the same. Added a new anchor on input line 6.


Package hyperref Warning: Composite letter `\textdotaccent+I'
(hyperref)                not defined in PD1 encoding,
(hyperref)                removing `\textdotaccent' on input line 6.


Underfull \hbox (badness 10000) in paragraph at lines 29--31

 []


Package hyperref Warning: The anchor of a bookmark and its parent's must not
(hyperref)                be the same. Added a new anchor on input line 48.


Underfull \hbox (badness 10000) in paragraph at lines 53--56

 []


Underfull \hbox (badness 10000) in paragraph at lines 56--59

 []


Underfull \hbox (badness 10000) in paragraph at lines 59--62

 []


Underfull \hbox (badness 10000) in paragraph at lines 62--65

 []


Underfull \hbox (badness 10000) in paragraph at lines 65--67

 []


Underfull \hbox (badness 10000) in paragraph at lines 67--70

 []


Underfull \hbox (badness 10000) in paragraph at lines 70--73

 []

[97

]
Underfull \hbox (badness 10000) in paragraph at lines 73--76

 []


Underfull \hbox (badness 10000) in paragraph at lines 76--78

 []


Underfull \hbox (badness 10000) in paragraph at lines 78--80

 []


Underfull \hbox (badness 10000) in paragraph at lines 80--83

 []


Underfull \hbox (badness 10000) in paragraph at lines 83--86

 []


Underfull \hbox (badness 10000) in paragraph at lines 86--88

 []


Underfull \hbox (badness 10000) in paragraph at lines 88--91

 []


Underfull \hbox (badness 10000) in paragraph at lines 91--93

 []


Underfull \hbox (badness 10000) in paragraph at lines 93--95

 []


Underfull \hbox (badness 10000) in paragraph at lines 95--97

 []


Underfull \hbox (badness 10000) in paragraph at lines 97--99

 []


Underfull \hbox (badness 10000) in paragraph at lines 99--103

 []


Underfull \hbox (badness 10000) in paragraph at lines 103--106

 []


Underfull \hbox (badness 10000) in paragraph at lines 106--109

 []


Underfull \hbox (badness 10000) in paragraph at lines 109--112

 []


Underfull \hbox (badness 10000) in paragraph at lines 112--115

 []


Underfull \hbox (badness 10000) in paragraph at lines 115--118

 []


Underfull \hbox (badness 10000) in paragraph at lines 118--121

 []

[98]
Underfull \hbox (badness 10000) in paragraph at lines 121--124

 []


Underfull \hbox (badness 10000) in paragraph at lines 124--127

 []


Underfull \hbox (badness 10000) in paragraph at lines 127--130

 []


Underfull \hbox (badness 10000) in paragraph at lines 130--132

 []


Underfull \hbox (badness 10000) in paragraph at lines 132--137

 []


Underfull \hbox (badness 10000) in paragraph at lines 146--148

 []


Underfull \hbox (badness 10000) in paragraph at lines 152--155

 []


Underfull \hbox (badness 10000) in paragraph at lines 155--157

 []


Underfull \hbox (badness 10000) in paragraph at lines 163--164
[]\T1/pcr/m/n/12 app.main(transfer_learning=True, ml_model_name="all",
 []


Underfull \hbox (badness 10000) in paragraph at lines 163--164
\T1/pcr/m/n/12 ml_features="all", cnn_model_name="resnet50",
 []


Underfull \hbox (badness 10000) in paragraph at lines 163--164
\T1/pcr/m/n/12 is_pre_trained=True, cv=10, dataset_folder="dataset",
 []


Underfull \hbox (badness 10000) in paragraph at lines 171--176
[]\T1/ptm/m/n/12 Unless ex-ists, 92.16_resnet50_Adam_final_X_cnn_train.npy,
 []


Underfull \hbox (badness 10000) in paragraph at lines 171--176
\T1/ptm/m/n/12 92.16_resnet50_Adam_final_X_cnn_test.npy, X_info_train.npy,
 []


Underfull \hbox (badness 1509) in paragraph at lines 171--176
\T1/ptm/m/n/12 X_info_test.npy, y_train.npy, and y_test.npy files must be down-
loaded
 []


Underfull \hbox (badness 10000) in paragraph at lines 171--176

 []


Underfull \hbox (badness 10000) in paragraph at lines 176--178

 []


Underfull \hbox (badness 10000) in paragraph at lines 179--181

 []

[99]
Underfull \hbox (badness 10000) in paragraph at lines 181--183

 []


Underfull \hbox (badness 10000) in paragraph at lines 183--185

 []


Underfull \hbox (badness 10000) in paragraph at lines 185--187

 []


Underfull \hbox (badness 10000) in paragraph at lines 187--189

 []


Underfull \hbox (badness 10000) in paragraph at lines 193--194
[]\T1/pcr/m/n/12 app.main(transfer_learning=True, ml_model_name="all",
 []


Underfull \hbox (badness 10000) in paragraph at lines 193--194
\T1/pcr/m/n/12 ml_features="all", load_numpy=True, validate_cv=True,
 []


Underfull \hbox (badness 10000) in paragraph at lines 193--194
\T1/pcr/m/n/12 cv=10, numpy_prefix="92.16_resnet50_Adam_final",
 []


Underfull \hbox (badness 10000) in paragraph at lines 209--211

 []


Underfull \hbox (badness 10000) in paragraph at lines 217--219

 []


Underfull \hbox (badness 10000) in paragraph at lines 223--225

 []


Underfull \hbox (badness 10000) in paragraph at lines 231--233

 []

[100]) [101] (./app_run.tex
LaTeX Font Info:    Font shape `T1/pcr/m/it' in size <12> not available
(Font)              Font shape `T1/pcr/m/sl' tried instead on input line 4.
 [102]) [103]) [104

]
Underfull \hbox (badness 10000) in paragraph at lines 171--171

 []

(./ozgecmis.tex
\mysquare=\box97

Underfull \hbox (badness 10000) in paragraph at lines 18--19

 []


Underfull \hbox (badness 10000) in paragraph at lines 21--22

 []


Underfull \hbox (badness 10000) in paragraph at lines 24--25

 []


Underfull \hbox (badness 10000) in paragraph at lines 35--36

 []


Underfull \hbox (badness 2229) in paragraph at lines 41--42
[]\T1/ptm/m/n/12 2017-2019 Soft-ware Test and Au-toma-tion En-gi-neer at Fi-nar
tz In-for-ma-tion
 []

) [105]
Package atveryend Info: Empty hook `BeforeClearDocument' on input line 171.
Package atveryend Info: Empty hook `AfterLastShipout' on input line 171.
 (./tez.aux)
Package atveryend Info: Executing hook `AtVeryEndDocument' on input line 171.
Package atveryend Info: Executing hook `AtEndAfterFileList' on input line 171.
Package rerunfilecheck Info: File `tez.out' has not changed.
(rerunfilecheck)             Checksum: 8E1F11C5ABC7AFE85693EAFF53CBC15E;7493.


LaTeX Warning: There were multiply-defined labels.

Package atveryend Info: Empty hook `AtVeryVeryEnd' on input line 171.
 ) 
Here is how much of TeX's memory you used:
 30168 strings out of 480608
 540689 string characters out of 5903630
 969620 words of memory out of 5000000
 44825 multiletter control sequences out of 15000+600000
 604211 words of font info for 156 fonts, out of 8000000 for 9000
 1141 hyphenation exceptions out of 8191
 58i,18n,77p,1845b,820s stack positions out of 5000i,500n,10000p,200000b,80000s
{/usr/local/texlive/2020/texmf-dist/fonts/enc/dvips/base/8r.enc}</usr/local/t
exlive/2020/texmf-dist/fonts/type1/public/amsfonts/cm/cmex10.pfb></usr/local/te
xlive/2020/texmf-dist/fonts/type1/public/amsfonts/cm/cmmi10.pfb></usr/local/tex
live/2020/texmf-dist/fonts/type1/public/amsfonts/cm/cmr10.pfb></usr/local/texli
ve/2020/texmf-dist/fonts/type1/public/amsfonts/cm/cmsy10.pfb></usr/local/texliv
e/2020/texmf-dist/fonts/type1/public/amsfonts/symbols/msam10.pfb></usr/local/te
xlive/2020/texmf-dist/fonts/type1/public/rsfs/rsfs10.pfb></usr/local/texlive/20
20/texmf-dist/fonts/type1/urw/courier/ucrb8a.pfb></usr/local/texlive/2020/texmf
-dist/fonts/type1/urw/courier/ucrr8a.pfb></usr/local/texlive/2020/texmf-dist/fo
nts/type1/urw/courier/ucrro8a.pfb></usr/local/texlive/2020/texmf-dist/fonts/typ
e1/urw/symbol/usyr.pfb></usr/local/texlive/2020/texmf-dist/fonts/type1/urw/symb
ol/usyr.pfb></usr/local/texlive/2020/texmf-dist/fonts/type1/urw/times/utmb8a.pf
b></usr/local/texlive/2020/texmf-dist/fonts/type1/urw/times/utmbi8a.pfb></usr/l
ocal/texlive/2020/texmf-dist/fonts/type1/urw/times/utmr8a.pfb></usr/local/texli
ve/2020/texmf-dist/fonts/type1/urw/times/utmri8a.pfb>
Output written on tez.pdf (139 pages, 8387711 bytes).
PDF statistics:
 2013 PDF objects out of 2073 (max. 8388607)
 1733 compressed objects within 18 object streams
 437 named destinations out of 1000 (max. 500000)
 1074 words of extra memory for PDF output out of 10000 (max. 10000000)

