\BOOKMARK [-1][-]{Doc-Start}{FOREWORD}{}% 1
\BOOKMARK [-1][-]{chapter*.1}{TABLE OF CONTENTS}{}% 2
\BOOKMARK [-1][-]{chapter*.2}{ABBREVIATIONS}{}% 3
\BOOKMARK [-1][-]{chapter*.3}{LIST OF TABLES}{}% 4
\BOOKMARK [-1][-]{chapter*.4}{LIST OF FIGURES}{}% 5
\BOOKMARK [-1][-]{chapter*.4}{SUMMARY}{}% 6
\BOOKMARK [-1][-]{chapter*.4}{\326ZET}{}% 7
\BOOKMARK [0][-]{chapter.1}{1. INTRODUCTION}{chapter*.4}% 8
\BOOKMARK [1][-]{section.1.1}{Purpose of Thesis}{chapter.1}% 9
\BOOKMARK [1][-]{section.1.2}{Literature Review}{chapter.1}% 10
\BOOKMARK [1][-]{section.1.3}{Structure}{chapter.1}% 11
\BOOKMARK [0][-]{chapter.2}{2. CHEST X-RAY}{chapter*.4}% 12
\BOOKMARK [0][-]{chapter.3}{3. INTRODUCTION TO DEEP LEARNING}{chapter*.4}% 13
\BOOKMARK [1][-]{section.3.1}{The Basics of Deep Learning}{chapter.3}% 14
\BOOKMARK [1][-]{section.3.2}{The Cross-Entropy Loss Function}{chapter.3}% 15
\BOOKMARK [1][-]{section.3.3}{The Basics of Optimization Methods}{chapter.3}% 16
\BOOKMARK [2][-]{subsection.3.3.1}{Stochastic Gradient Descent with Momentum \(SGD\) Optimization Algorithm}{section.3.3}% 17
\BOOKMARK [2][-]{subsection.3.3.2}{Adam Optimization Algorithm}{section.3.3}% 18
\BOOKMARK [2][-]{subsection.3.3.3}{Adam with Decoupled Decay \(AdamW\) Optimization Algorithm}{section.3.3}% 19
\BOOKMARK [1][-]{section.3.4}{The Basics of Convolutional Neural Networks}{chapter.3}% 20
\BOOKMARK [2][-]{subsection.3.4.1}{Convolutional Layer}{section.3.4}% 21
\BOOKMARK [2][-]{subsection.3.4.2}{Activation Function \(Rectified Linear Units - ReLU\)}{section.3.4}% 22
\BOOKMARK [2][-]{subsection.3.4.3}{Pooling Layer}{section.3.4}% 23
\BOOKMARK [2][-]{subsection.3.4.4}{Batch Normalization}{section.3.4}% 24
\BOOKMARK [2][-]{subsection.3.4.5}{Dropout}{section.3.4}% 25
\BOOKMARK [2][-]{subsection.3.4.6}{Flattening}{section.3.4}% 26
\BOOKMARK [2][-]{subsection.3.4.7}{Fully-Connected Layer}{section.3.4}% 27
\BOOKMARK [1][-]{section.3.5}{Transfer Learning}{chapter.3}% 28
\BOOKMARK [1][-]{section.3.6}{CNN Models}{chapter.3}% 29
\BOOKMARK [2][-]{subsection.3.6.1}{AlexNet}{section.3.6}% 30
\BOOKMARK [2][-]{subsection.3.6.2}{Residual Neural Network \(ResNet\)}{section.3.6}% 31
\BOOKMARK [3][-]{figure.caption.22}{ResNet-18}{subsection.3.6.2}% 32
\BOOKMARK [3][-]{figure.caption.22}{ResNet-34}{subsection.3.6.2}% 33
\BOOKMARK [3][-]{figure.caption.22}{ResNet-50}{subsection.3.6.2}% 34
\BOOKMARK [2][-]{subsection.3.6.3}{VGG}{section.3.6}% 35
\BOOKMARK [3][-]{figure.caption.23}{VGG16}{subsection.3.6.3}% 36
\BOOKMARK [3][-]{figure.caption.23}{VGG19}{subsection.3.6.3}% 37
\BOOKMARK [0][-]{chapter.4}{4. INTRODUCTION TO MACHINE LEARNING}{chapter*.4}% 38
\BOOKMARK [1][-]{section.4.1}{The Basics of Machine Learning \(ML\)}{chapter.4}% 39
\BOOKMARK [2][-]{subsection.4.1.1}{Supervised Learning}{section.4.1}% 40
\BOOKMARK [2][-]{subsection.4.1.2}{Unsupervised Learning}{section.4.1}% 41
\BOOKMARK [1][-]{section.4.2}{Cross-Validation \(CV\)}{chapter.4}% 42
\BOOKMARK [2][-]{subsection.4.2.1}{K-Fold CV}{section.4.2}% 43
\BOOKMARK [2][-]{subsection.4.2.2}{Leave-One-Out \(LOO\)}{section.4.2}% 44
\BOOKMARK [1][-]{section.4.3}{Regularization}{chapter.4}% 45
\BOOKMARK [2][-]{subsection.4.3.1}{L1 Regularization \(LASSO\)}{section.4.3}% 46
\BOOKMARK [2][-]{subsection.4.3.2}{L2 Regularization \(Ridge\)}{section.4.3}% 47
\BOOKMARK [1][-]{section.4.4}{ML Models}{chapter.4}% 48
\BOOKMARK [2][-]{subsection.4.4.1}{Support-Vector Machines \(SVM\)}{section.4.4}% 49
\BOOKMARK [3][-]{equation.4.4.6}{Loss Functions}{subsection.4.4.1}% 50
\BOOKMARK [3][-]{equation.4.4.14}{Penalty Terms}{subsection.4.4.1}% 51
\BOOKMARK [3][-]{equation.4.4.18}{Kernel Trick}{subsection.4.4.1}% 52
\BOOKMARK [2][-]{subsection.4.4.2}{Logistic Regression \(LR\)}{section.4.4}% 53
\BOOKMARK [3][-]{equation.4.4.26}{Penalty Terms}{subsection.4.4.2}% 54
\BOOKMARK [3][-]{equation.4.4.28}{Optimizers}{subsection.4.4.2}% 55
\BOOKMARK [2][-]{subsection.4.4.3}{K-Nearest Neighbor \(KNN\)}{section.4.4}% 56
\BOOKMARK [3][-]{section*.30}{Algorithm}{subsection.4.4.3}% 57
\BOOKMARK [3][-]{figure.caption.31}{Finding Neighborhood}{subsection.4.4.3}% 58
\BOOKMARK [2][-]{subsection.4.4.4}{Linear Discriminant Analysis \(LDA\)}{section.4.4}% 59
\BOOKMARK [3][-]{section*.32}{Derivation}{subsection.4.4.4}% 60
\BOOKMARK [3][-]{figure.caption.33}{Penalty Terms}{subsection.4.4.4}% 61
\BOOKMARK [3][-]{equation.4.4.42}{Solvers}{subsection.4.4.4}% 62
\BOOKMARK [0][-]{chapter.5}{5. EXPERIMENTS}{chapter*.4}% 63
\BOOKMARK [1][-]{section.5.1}{Dataset}{chapter.5}% 64
\BOOKMARK [1][-]{section.5.2}{Data Augmentation}{chapter.5}% 65
\BOOKMARK [1][-]{section.5.3}{Training and Testing on Convolutional Neural Network Models}{chapter.5}% 66
\BOOKMARK [1][-]{section.5.4}{Deep Feature Extraction}{chapter.5}% 67
\BOOKMARK [1][-]{section.5.5}{Forming the Feature Maps}{chapter.5}% 68
\BOOKMARK [1][-]{section.5.6}{Data Pre-Processing}{chapter.5}% 69
\BOOKMARK [2][-]{subsection.5.6.1}{Data Standardization}{section.5.6}% 70
\BOOKMARK [2][-]{subsection.5.6.2}{Data Normalization}{section.5.6}% 71
\BOOKMARK [1][-]{section.5.7}{Hyper-Parameter Tuning}{chapter.5}% 72
\BOOKMARK [1][-]{section.5.8}{Training and Testing on Machine Learning Models}{chapter.5}% 73
\BOOKMARK [0][-]{chapter.6}{6. RESULTS}{chapter*.4}% 74
\BOOKMARK [1][-]{section.6.1}{Performance Measurement}{chapter.6}% 75
\BOOKMARK [2][-]{subsection.6.1.1}{Confusion Matrix}{section.6.1}% 76
\BOOKMARK [2][-]{subsection.6.1.2}{The Analysis of Confusion Matrix}{section.6.1}% 77
\BOOKMARK [3][-]{subsubsection.6.1.2.1}{Sensitivity \(True Positive Rate - TPR\)}{subsection.6.1.2}% 78
\BOOKMARK [3][-]{subsubsection.6.1.2.2}{Specificity \(True Negative Rate - TNR\)}{subsection.6.1.2}% 79
\BOOKMARK [3][-]{subsubsection.6.1.2.3}{Precision \(Positive Predictive Value - PPV\)}{subsection.6.1.2}% 80
\BOOKMARK [3][-]{subsubsection.6.1.2.4}{Accuracy \(ACC\)}{subsection.6.1.2}% 81
\BOOKMARK [3][-]{subsubsection.6.1.2.5}{F1 Score}{subsection.6.1.2}% 82
\BOOKMARK [3][-]{subsubsection.6.1.2.6}{Area Under the Curve \(AUC Score\)}{subsection.6.1.2}% 83
\BOOKMARK [1][-]{section.6.2}{Convolutional Neural Network Results}{chapter.6}% 84
\BOOKMARK [1][-]{section.6.3}{Machine Learning Results}{chapter.6}% 85
\BOOKMARK [2][-]{subsection.6.3.1}{Results for Xinfo}{section.6.3}% 86
\BOOKMARK [2][-]{subsection.6.3.2}{Results for Xcnn}{section.6.3}% 87
\BOOKMARK [2][-]{subsection.6.3.3}{Results for Xall}{section.6.3}% 88
\BOOKMARK [0][-]{chapter.7}{7. CONCLUSIONS AND RECOMMENDATIONS}{chapter*.4}% 89
\BOOKMARK [1][-]{section.7.1}{Future Work}{chapter.7}% 90
\BOOKMARK [0][-]{chapter*.97}{REFERENCES}{chapter*.4}% 91
\BOOKMARK [0][-]{chapter.8}{APPENDICES}{chapter*.4}% 92
\BOOKMARK [1][-]{chapter.1}{APPENDIX A.1 ReadMe File}{chapter.8}% 93
\BOOKMARK [1][-]{chapter.1}{ISTANBUL TECHNICAL UNIVERSITY - Institute of Science and Technology}{chapter.8}% 94
\BOOKMARK [2][-]{section*.98}{Ozan G\334LDALI}{chapter.1}% 95
\BOOKMARK [2][-]{section*.98}{Department of Mathematical Engineering - Mathematical Engineering Program}{chapter.1}% 96
\BOOKMARK [2][-]{section*.98}{M.Sc. THESIS}{chapter.1}% 97
\BOOKMARK [2][-]{section*.98}{DEEP FEATURE TRANSFER FROM DEEP LEARNING MODELS INTO MACHINE LEARNING ALGORITHMS TO CLASSIFY COVID-19 FROM CHEST X-RAY IMAGES}{chapter.1}% 98
\BOOKMARK [3][-]{section*.99}{How to Run}{section*.98}% 99
\BOOKMARK [3][-]{Item.4}{Package Versions}{section*.98}% 100
\BOOKMARK [1][-]{Item.4}{APPENDIX A.2 Python Notebook File}{chapter.8}% 101
\BOOKMARK [0][-]{Item.4}{CURRICULUM VITAE}{chapter*.4}% 102
